#
# A fatal error has been detected by the Java Runtime Environment:
#
#  SIGSEGV (0xb) at pc=0xb700e888, pid=12215, tid=0xb6a44b40
#
# JRE version: Java(TM) SE Runtime Environment (8.0_181-b13) (build 1.8.0_181-b13)
# Java VM: Java HotSpot(TM) Client VM (25.181-b13 mixed mode linux-x86 )
# Problematic frame:
# V  [libjvm.so+0x59d888]  UTF8::unicode_length(char const*)+0x8
#
# Core dump written. Default location: /home/linux/Desktop/TelServer/src/core or core.12215
#
# If you would like to submit a bug report, please visit:
#   http://bugreport.java.com/bugreport/crash.jsp
#

---------------  T H R E A D  ---------------

Current thread (0xb6807c00):  JavaThread "main" [_thread_in_vm, id=12216, stack(0xb69f4000,0xb6a45000)]

siginfo: si_signo: 11 (SIGSEGV), si_code: 2 (SEGV_ACCERR), si_addr: 0xb68a9005

Registers:
EAX=0x00000000, EBX=0xb70df3fc, ECX=0x00000000, EDX=0xb68a9005
ESP=0xb6a43db8, EBP=0xb6a43db8, ESI=0xb6807c00, EDI=0xb68a9005
EIP=0xb700e888, EFLAGS=0x00010246, CR2=0xb68a9005

Top of Stack: (sp=0xb6a43db8)
0xb6a43db8:   b6a43df8 b6d7910e b68a9005 a4a0ede0
0xb6a43dc8:   b6807c00 b6d790f0 b70640a4 b6806280
0xb6a43dd8:   a4a0edd0 b6bce2aa b70df3fc a4a0edd0
0xb6a43de8:   b6a43e48 b70df3fc b6807c00 b6a43e28
0xb6a43df8:   b6a43e48 b6dc02a3 b68a9005 b6807c00
0xb6a43e08:   b6dc01f0 b6dc01f0 a9e538a8 ffffffff
0xb6a43e18:   b6807c00 00000000 b69bcff4 a47daa80
0xb6a43e28:   b6807c00 00000000 b6a43e6c b6807c00 

Instructions: (pc=0xb700e888)
0xb700e868:   39 d7 7f e1 5a 89 f0 5e 5f 5d c3 90 8d b6 00 00
0xb700e878:   00 00 8d bf 00 00 00 00 55 31 c9 89 e5 8b 55 08
0xb700e888:   8a 02 84 c0 74 1b 31 c9 25 c0 00 00 00 83 c0 80
0xb700e898:   0f 95 c0 42 25 ff 00 00 00 01 c1 8a 02 84 c0 75 

Register to memory mapping:

EAX=0x00000000 is an unknown value
EBX=0xb70df3fc: <offset 0x66e3fc> in /usr/java/jdk1.8.0_181/jre/lib/i386/client/libjvm.so at 0xb6a71000
ECX=0x00000000 is an unknown value
EDX=0xb68a9005 is an unknown value
ESP=0xb6a43db8 is pointing into the stack for thread: 0xb6807c00
EBP=0xb6a43db8 is pointing into the stack for thread: 0xb6807c00
ESI=0xb6807c00 is a thread
EDI=0xb68a9005 is an unknown value


Stack: [0xb69f4000,0xb6a45000],  sp=0xb6a43db8,  free space=319k
Native frames: (J=compiled Java code, j=interpreted, Vv=VM code, C=native code)
V  [libjvm.so+0x59d888]  UTF8::unicode_length(char const*)+0x8
V  [libjvm.so+0x30810e]  java_lang_String::create_oop_from_str(char const*, Thread*)+0x2e
V  [libjvm.so+0x34f2a3]  jni_NewStringUTF+0xb3
C  [libserver.so+0x28ff]  Java_com_fu_server_ServerLib_getClientList+0xb8
j  com.fu.server.ServerLib.getClientList()[Ljava/lang/String;+0
j  com.fu.server.Main.main([Ljava/lang/String;)V+64
v  ~StubRoutines::call_stub
V  [libjvm.so+0x2fefdf]  JavaCalls::call_helper(JavaValue*, methodHandle*, JavaCallArguments*, Thread*)+0x101f
V  [libjvm.so+0x49f329]  os::os_exception_wrapper(void (*)(JavaValue*, methodHandle*, JavaCallArguments*, Thread*), JavaValue*, methodHandle*, JavaCallArguments*, Thread*)+0x19
V  [libjvm.so+0x2fd5af]  JavaCalls::call(JavaValue*, methodHandle, JavaCallArguments*, Thread*)+0x2f
V  [libjvm.so+0x347447]  jni_invoke_static(JNIEnv_*, JavaValue*, _jobject*, JNICallType, _jmethodID*, JNI_ArgumentPusher*, Thread*)+0x387
V  [libjvm.so+0x359ecf]  jni_CallStaticVoidMethod+0xdf
C  [libjli.so+0x78a9]  JavaMain+0x8e9
C  [libpthread.so.0+0x6d4c]  start_thread+0xcc
C  [libc.so.6+0xf187e]  clone+0x5e

Java frames: (J=compiled Java code, j=interpreted, Vv=VM code)
j  com.fu.server.ServerLib.getClientList()[Ljava/lang/String;+0
j  com.fu.server.Main.main([Ljava/lang/String;)V+64
v  ~StubRoutines::call_stub

---------------  P R O C E S S  ---------------

Java Threads: ( => current thread )
  0xb6885800 JavaThread "Service Thread" daemon [_thread_blocked, id=12222, stack(0xa3edd000,0xa3f2e000)]
  0xb6882400 JavaThread "C1 CompilerThread0" daemon [_thread_blocked, id=12221, stack(0xa3f2e000,0xa3faf000)]
  0xb6880c00 JavaThread "Signal Dispatcher" daemon [_thread_blocked, id=12220, stack(0xa3faf000,0xa4000000)]
  0xb6865800 JavaThread "Finalizer" daemon [_thread_blocked, id=12219, stack(0xa4308000,0xa4359000)]
  0xb6863c00 JavaThread "Reference Handler" daemon [_thread_blocked, id=12218, stack(0xb4606000,0xb4657000)]
=>0xb6807c00 JavaThread "main" [_thread_in_vm, id=12216, stack(0xb69f4000,0xb6a45000)]

Other Threads:
  0xb685e400 VMThread [stack: 0xa4359000,0xa43da000] [id=12217]
  0xb6888c00 WatcherThread [stack: 0xa3e5c000,0xa3edd000] [id=12223]

VM state:not at safepoint (normal execution)

VM Mutex/Monitor currently owned by a thread: None

Heap:
 def new generation   total 4992K, used 89K [0xa4a00000, 0xa4f60000, 0xa9e00000)
  eden space 4480K,   2% used [0xa4a00000, 0xa4a16678, 0xa4e60000)
  from space 512K,   0% used [0xa4e60000, 0xa4e60000, 0xa4ee0000)
  to   space 512K,   0% used [0xa4ee0000, 0xa4ee0000, 0xa4f60000)
 tenured generation   total 41004K, used 30393K [0xa9e00000, 0xac60b000, 0xb4600000)
   the space 41004K,  74% used [0xa9e00000, 0xabbae640, 0xabbae800, 0xac60b000)
 Metaspace       used 2117K, capacity 2204K, committed 2328K, reserved 4400K

Card table byte_map: [0xb4701000,0xb4780000] byte_map_base: 0xb41dc000

Polling page: 0xb7707000

CodeCache: size=32768Kb used=709Kb max_used=709Kb free=32058Kb
 bounds [0xb4800000, 0xb48b8000, 0xb6800000]
 total_blobs=158 nmethods=17 adapters=73
 compilation: enabled

Compilation events (10 events):
Event: 0.092 Thread 0xb6882400   13             java.io.BufferedInputStream::getBufIfOpen (21 bytes)
Event: 0.092 Thread 0xb6882400 nmethod 13 0xb48afb48 code [0xb48afc60, 0xb48afd5c]
Event: 0.092 Thread 0xb6882400   14  s          java.io.BufferedInputStream::read (49 bytes)
Event: 0.093 Thread 0xb6882400 nmethod 14 0xb48afdc8 code [0xb48aff10, 0xb48b01f4]
Event: 0.094 Thread 0xb6882400   15             java.util.StringTokenizer::scanToken (179 bytes)
Event: 0.094 Thread 0xb6882400 nmethod 15 0xb48b0348 code [0xb48b04c0, 0xb48b089c]
Event: 0.094 Thread 0xb6882400   16             java.lang.Math::min (11 bytes)
Event: 0.094 Thread 0xb6882400 nmethod 16 0xb48b0d88 code [0xb48b0e80, 0xb48b0ef0]
Event: 0.095 Thread 0xb6882400   17             java.lang.String::startsWith (72 bytes)
Event: 0.095 Thread 0xb6882400 nmethod 17 0xb48b0f48 code [0xb48b1050, 0xb48b1180]

GC Heap History (2 events):
Event: 88.068 GC heap before
{Heap before GC invocations=0 (full 0):
 def new generation   total 4928K, used 1166K [0xa4a00000, 0xa4f50000, 0xa9e00000)
  eden space 4416K,  26% used [0xa4a00000, 0xa4b239d8, 0xa4e50000)
  from space 512K,   0% used [0xa4e50000, 0xa4e50000, 0xa4ed0000)
  to   space 512K,   0% used [0xa4ed0000, 0xa4ed0000, 0xa4f50000)
 tenured generation   total 10944K, used 0K [0xa9e00000, 0xaa8b0000, 0xb4600000)
   the space 10944K,   0% used [0xa9e00000, 0xa9e00000, 0xa9e00200, 0xaa8b0000)
 Metaspace       used 2116K, capacity 2204K, committed 2328K, reserved 4400K
Event: 88.072 GC heap after
Heap after GC invocations=1 (full 1):
 def new generation   total 4992K, used 0K [0xa4a00000, 0xa4f60000, 0xa9e00000)
  eden space 4480K,   0% used [0xa4a00000, 0xa4a00000, 0xa4e60000)
  from space 512K,   0% used [0xa4e60000, 0xa4e60000, 0xa4ee0000)
  to   space 512K,   0% used [0xa4ee0000, 0xa4ee0000, 0xa4f60000)
 tenured generation   total 10944K, used 334K [0xa9e00000, 0xaa8b0000, 0xb4600000)
   the space 10944K,   3% used [0xa9e00000, 0xa9e538a8, 0xa9e53a00, 0xaa8b0000)
 Metaspace       used 2116K, capacity 2204K, committed 2328K, reserved 4400K
}

Deoptimization events (0 events):
No events

Classes redefined (0 events):
No events

Internal exceptions (6 events):
Event: 0.033 Thread 0xb6807c00 Exception <a 'java/lang/NoSuchMethodError': Method sun.misc.Unsafe.defineClass(Ljava/lang/String;[BII)Ljava/lang/Class; name or signature does not match> (0xa4a06ea0) thrown at [/HUDSON/workspace/8-2-build-linux-i586/jdk8u181/11358/hotspot/src/share/vm/pr
Event: 0.033 Thread 0xb6807c00 Exception <a 'java/lang/NoSuchMethodError': Method sun.misc.Unsafe.prefetchRead(Ljava/lang/Object;J)V name or signature does not match> (0xa4a07170) thrown at [/HUDSON/workspace/8-2-build-linux-i586/jdk8u181/11358/hotspot/src/share/vm/prims/jni.cpp, line 
Event: 0.089 Thread 0xb6807c00 Exception <a 'java/security/PrivilegedActionException'> (0xa4a8dba8) thrown at [/HUDSON/workspace/8-2-build-linux-i586/jdk8u181/11358/hotspot/src/share/vm/prims/jvm.cpp, line 1435]
Event: 0.089 Thread 0xb6807c00 Exception <a 'java/security/PrivilegedActionException'> (0xa4a8df88) thrown at [/HUDSON/workspace/8-2-build-linux-i586/jdk8u181/11358/hotspot/src/share/vm/prims/jvm.cpp, line 1435]
Event: 0.089 Thread 0xb6807c00 Exception <a 'java/security/PrivilegedActionException'> (0xa4a901e0) thrown at [/HUDSON/workspace/8-2-build-linux-i586/jdk8u181/11358/hotspot/src/share/vm/prims/jvm.cpp, line 1435]
Event: 0.089 Thread 0xb6807c00 Exception <a 'java/security/PrivilegedActionException'> (0xa4a905c0) thrown at [/HUDSON/workspace/8-2-build-linux-i586/jdk8u181/11358/hotspot/src/share/vm/prims/jvm.cpp, line 1435]

Events (10 events):
Event: 25.078 Thread 0xb689f400 Thread added: 0xb689f400
Event: 25.078 Thread 0xb689f400 Thread exited: 0xb689f400
Event: 27.115 Thread 0xa4200800 Thread added: 0xa4200800
Event: 27.115 Thread 0xa4200800 Thread exited: 0xa4200800
Event: 45.081 Thread 0xb689f400 Thread added: 0xb689f400
Event: 45.081 Thread 0xb689f400 Thread exited: 0xb689f400
Event: 47.143 Thread 0xa4200800 Thread added: 0xa4200800
Event: 47.143 Thread 0xa4200800 Thread exited: 0xa4200800
Event: 88.068 Executing VM operation: GenCollectForAllocation
Event: 88.072 Executing VM operation: GenCollectForAllocation done


Dynamic libraries:
08048000-08049000 r-xp 00000000 08:01 553237     /usr/java/jdk1.8.0_181/bin/java
08049000-0804a000 rw-p 00000000 08:01 553237     /usr/java/jdk1.8.0_181/bin/java
088c6000-089a6000 rw-p 00000000 00:00 0          [heap]
a14b6000-a162f000 rw-p 00000000 00:00 0 
a162f000-a1632000 ---p 00000000 00:00 0 
a1632000-a1e30000 rw-p 00000000 00:00 0 
a1e30000-a1e31000 ---p 00000000 00:00 0 
a1e31000-a2631000 rw-p 00000000 00:00 0 
a2631000-a2634000 ---p 00000000 00:00 0 
a2634000-a2e32000 rw-p 00000000 00:00 0 
a2e32000-a2e33000 ---p 00000000 00:00 0 
a2e33000-a3633000 rw-p 00000000 00:00 0 
a3633000-a3634000 ---p 00000000 00:00 0 
a3634000-a3e5c000 rw-p 00000000 00:00 0 
a3e5c000-a3e5d000 ---p 00000000 00:00 0 
a3e5d000-a3edd000 rw-p 00000000 00:00 0          [stack:12223]
a3edd000-a3ee0000 ---p 00000000 00:00 0 
a3ee0000-a3f2e000 rw-p 00000000 00:00 0          [stack:12222]
a3f2e000-a3f31000 ---p 00000000 00:00 0 
a3f31000-a3faf000 rw-p 00000000 00:00 0          [stack:12221]
a3faf000-a3fb2000 ---p 00000000 00:00 0 
a3fb2000-a4000000 rw-p 00000000 00:00 0          [stack:12220]
a4000000-a4200000 r--p 00000000 08:01 6790       /usr/lib/locale/locale-archive
a4200000-a4221000 rw-p 00000000 00:00 0 
a4221000-a4300000 ---p 00000000 00:00 0 
a4308000-a430b000 ---p 00000000 00:00 0 
a430b000-a4359000 rw-p 00000000 00:00 0          [stack:12219]
a4359000-a435a000 ---p 00000000 00:00 0 
a435a000-a43da000 rw-p 00000000 00:00 0          [stack:12217]
a43da000-a45b4000 r--s 03d6b000 08:01 553389     /usr/java/jdk1.8.0_181/jre/lib/rt.jar
a45b4000-a47fa000 rw-p 00000000 00:00 0 
a47fa000-a4a00000 ---p 00000000 00:00 0 
a4a00000-a4f60000 rw-p 00000000 00:00 0 
a4f60000-a9e00000 ---p 00000000 00:00 0 
a9e00000-ac60b000 rw-p 00000000 00:00 0 
ac60b000-b4600000 ---p 00000000 00:00 0 
b4606000-b4609000 ---p 00000000 00:00 0 
b4609000-b4704000 rw-p 00000000 00:00 0          [stack:12218]
b4704000-b472b000 ---p 00000000 00:00 0 
b472b000-b4740000 rw-p 00000000 00:00 0 
b4740000-b477f000 ---p 00000000 00:00 0 
b477f000-b4783000 rw-p 00000000 00:00 0 
b4783000-b4800000 ---p 00000000 00:00 0 
b4800000-b48b8000 rwxp 00000000 00:00 0 
b48b8000-b6800000 ---p 00000000 00:00 0 
b6800000-b68b3000 rw-p 00000000 00:00 0 
b68b3000-b6900000 ---p 00000000 00:00 0 
b6906000-b691b000 rw-p 00000000 00:00 0 
b691b000-b695b000 ---p 00000000 00:00 0 
b695b000-b6975000 r-xp 00000000 08:01 936593     /usr/java/jdk1.8.0_181/jre/lib/i386/libzip.so
b6975000-b6976000 rw-p 00019000 08:01 936593     /usr/java/jdk1.8.0_181/jre/lib/i386/libzip.so
b6976000-b6980000 r-xp 00000000 08:01 922029     /lib/i386-linux-gnu/libnss_files-2.15.so
b6980000-b6981000 r--p 00009000 08:01 922029     /lib/i386-linux-gnu/libnss_files-2.15.so
b6981000-b6982000 rw-p 0000a000 08:01 922029     /lib/i386-linux-gnu/libnss_files-2.15.so
b6982000-b698c000 r-xp 00000000 08:01 922031     /lib/i386-linux-gnu/libnss_nis-2.15.so
b698c000-b698d000 r--p 00009000 08:01 922031     /lib/i386-linux-gnu/libnss_nis-2.15.so
b698d000-b698e000 rw-p 0000a000 08:01 922031     /lib/i386-linux-gnu/libnss_nis-2.15.so
b698e000-b69a4000 r-xp 00000000 08:01 922021     /lib/i386-linux-gnu/libnsl-2.15.so
b69a4000-b69a5000 r--p 00015000 08:01 922021     /lib/i386-linux-gnu/libnsl-2.15.so
b69a5000-b69a6000 rw-p 00016000 08:01 922021     /lib/i386-linux-gnu/libnsl-2.15.so
b69a6000-b69a8000 rw-p 00000000 00:00 0 
b69a8000-b69af000 r-xp 00000000 08:01 922032     /lib/i386-linux-gnu/libnss_compat-2.15.so
b69af000-b69b0000 r--p 00006000 08:01 922032     /lib/i386-linux-gnu/libnss_compat-2.15.so
b69b0000-b69b1000 rw-p 00007000 08:01 922032     /lib/i386-linux-gnu/libnss_compat-2.15.so
b69b5000-b69bc000 r-xp 00000000 08:01 936636     /home/linux/Desktop/TelServer/src/com/fu/server/libserver.so
b69bc000-b69bd000 r--p 00006000 08:01 936636     /home/linux/Desktop/TelServer/src/com/fu/server/libserver.so
b69bd000-b69be000 rw-p 00007000 08:01 936636     /home/linux/Desktop/TelServer/src/com/fu/server/libserver.so
b69be000-b69c6000 rw-s 00000000 08:01 1186520    /tmp/hsperfdata_linux/12215
b69c6000-b69ea000 r-xp 00000000 08:01 936587     /usr/java/jdk1.8.0_181/jre/lib/i386/libjava.so
b69ea000-b69eb000 rw-p 00024000 08:01 936587     /usr/java/jdk1.8.0_181/jre/lib/i386/libjava.so
b69eb000-b69f2000 r-xp 00000000 08:01 918599     /lib/i386-linux-gnu/librt-2.15.so
b69f2000-b69f3000 r--p 00006000 08:01 918599     /lib/i386-linux-gnu/librt-2.15.so
b69f3000-b69f4000 rw-p 00007000 08:01 918599     /lib/i386-linux-gnu/librt-2.15.so
b69f4000-b69f7000 ---p 00000000 00:00 0 
b69f7000-b6a45000 rw-p 00000000 00:00 0          [stack:12216]
b6a45000-b6a6f000 r-xp 00000000 08:01 922022     /lib/i386-linux-gnu/libm-2.15.so
b6a6f000-b6a70000 r--p 00029000 08:01 922022     /lib/i386-linux-gnu/libm-2.15.so
b6a70000-b6a71000 rw-p 0002a000 08:01 922022     /lib/i386-linux-gnu/libm-2.15.so
b6a71000-b70cf000 r-xp 00000000 08:01 936559     /usr/java/jdk1.8.0_181/jre/lib/i386/client/libjvm.so
b70cf000-b70f6000 rw-p 0065d000 08:01 936559     /usr/java/jdk1.8.0_181/jre/lib/i386/client/libjvm.so
b70f6000-b751c000 rw-p 00000000 00:00 0 
b751c000-b76c2000 r-xp 00000000 08:01 922020     /lib/i386-linux-gnu/libc-2.15.so
b76c2000-b76c4000 r--p 001a6000 08:01 922020     /lib/i386-linux-gnu/libc-2.15.so
b76c4000-b76c5000 rw-p 001a8000 08:01 922020     /lib/i386-linux-gnu/libc-2.15.so
b76c5000-b76c8000 rw-p 00000000 00:00 0 
b76c8000-b76cb000 r-xp 00000000 08:01 922016     /lib/i386-linux-gnu/libdl-2.15.so
b76cb000-b76cc000 r--p 00002000 08:01 922016     /lib/i386-linux-gnu/libdl-2.15.so
b76cc000-b76cd000 rw-p 00003000 08:01 922016     /lib/i386-linux-gnu/libdl-2.15.so
b76cd000-b76ce000 rw-p 00000000 00:00 0 
b76ce000-b76e3000 r-xp 00000000 08:01 705483     /usr/java/jdk1.8.0_181/lib/i386/jli/libjli.so
b76e3000-b76e4000 rw-p 00014000 08:01 705483     /usr/java/jdk1.8.0_181/lib/i386/jli/libjli.so
b76e4000-b76fb000 r-xp 00000000 08:01 922026     /lib/i386-linux-gnu/libpthread-2.15.so
b76fb000-b76fc000 r--p 00016000 08:01 922026     /lib/i386-linux-gnu/libpthread-2.15.so
b76fc000-b76fd000 rw-p 00017000 08:01 922026     /lib/i386-linux-gnu/libpthread-2.15.so
b76fd000-b76ff000 rw-p 00000000 00:00 0 
b7701000-b7705000 rw-p 00000000 00:00 0 
b7705000-b7706000 r--p 005e0000 08:01 6790       /usr/lib/locale/locale-archive
b7706000-b7707000 rw-p 00000000 00:00 0 
b7707000-b7708000 r--p 00000000 00:00 0 
b7708000-b7713000 r-xp 00000000 08:01 936535     /usr/java/jdk1.8.0_181/jre/lib/i386/libverify.so
b7713000-b7714000 rw-p 0000b000 08:01 936535     /usr/java/jdk1.8.0_181/jre/lib/i386/libverify.so
b7714000-b7716000 rw-p 00000000 00:00 0 
b7716000-b7717000 r-xp 00000000 00:00 0          [vdso]
b7717000-b7737000 r-xp 00000000 08:01 922028     /lib/i386-linux-gnu/ld-2.15.so
b7737000-b7738000 r--p 0001f000 08:01 922028     /lib/i386-linux-gnu/ld-2.15.so
b7738000-b7739000 rw-p 00020000 08:01 922028     /lib/i386-linux-gnu/ld-2.15.so
bf7ef000-bf7f0000 rwxp 00000000 00:00 0 
bf822000-bf843000 rw-p 00000000 00:00 0          [stack]

VM Arguments:
java_command: com.fu.server.Main
java_class_path (initial): .:/usr/java/jdk1.8.0_181/lib/dt.jar:/usr/java/jdk1.8.0_181/lib/tools.jar:/usr/java/jdk1.8.0_181/jre/lib
Launcher Type: SUN_STANDARD

Environment Variables:
JAVA_HOME=/usr/java/jdk1.8.0_181
JRE_HOME=/usr/java/jdk1.8.0_181/jre
CLASSPATH=.:/usr/java/jdk1.8.0_181/lib/dt.jar:/usr/java/jdk1.8.0_181/lib/tools.jar:/usr/java/jdk1.8.0_181/jre/lib
PATH=/usr/lib/lightdm/lightdm:/usr/local/sbin:/usr/local/bin:/usr/sbin:/usr/bin:/sbin:/bin:/usr/games:/home/linux/gcc_arm/gcc-4.6.4/bin:/usr/java/jdk1.8.0_181/bin:/usr/java/jdk1.8.0_181/jre/bin
SHELL=/bin/bash
DISPLAY=:0.0

Signal Handlers:
SIGSEGV: [libjvm.so+0x5c29a0], sa_mask[0]=11111111011111111101111111111110, sa_flags=SA_RESTART|SA_SIGINFO
SIGBUS: [libjvm.so+0x5c29a0], sa_mask[0]=11111111011111111101111111111110, sa_flags=SA_RESTART|SA_SIGINFO
SIGFPE: [libjvm.so+0x4a0fb0], sa_mask[0]=11111111011111111101111111111110, sa_flags=SA_RESTART|SA_SIGINFO
SIGPIPE: [libjvm.so+0x4a0fb0], sa_mask[0]=11111111011111111101111111111110, sa_flags=SA_RESTART|SA_SIGINFO
SIGXFSZ: [libjvm.so+0x4a0fb0], sa_mask[0]=11111111011111111101111111111110, sa_flags=SA_RESTART|SA_SIGINFO
SIGILL: [libjvm.so+0x4a0fb0], sa_mask[0]=11111111011111111101111111111110, sa_flags=SA_RESTART|SA_SIGINFO
SIGUSR1: SIG_DFL, sa_mask[0]=00000000000000000000000000000000, sa_flags=none
SIGUSR2: [libjvm.so+0x4a2890], sa_mask[0]=00000000000000000000000000000000, sa_flags=SA_RESTART|SA_SIGINFO
SIGHUP: [libjvm.so+0x4a3d40], sa_mask[0]=11111111011111111101111111111110, sa_flags=SA_RESTART|SA_SIGINFO
SIGINT: [libjvm.so+0x4a3d40], sa_mask[0]=11111111011111111101111111111110, sa_flags=SA_RESTART|SA_SIGINFO
SIGTERM: [libjvm.so+0x4a3d40], sa_mask[0]=11111111011111111101111111111110, sa_flags=SA_RESTART|SA_SIGINFO
SIGQUIT: [libjvm.so+0x4a3d40], sa_mask[0]=11111111011111111101111111111110, sa_flags=SA_RESTART|SA_SIGINFO


---------------  S Y S T E M  ---------------

OS:DISTRIB_ID=Ubuntu
DISTRIB_RELEASE=12.04
DISTRIB_CODENAME=precise
DISTRIB_DESCRIPTION="Ubuntu 12.04.5 LTS"

uname:Linux 3.13.0-117-generic #164~precise1-Ubuntu SMP Mon Apr 10 16:17:54 UTC 2017 i686
libc:glibc 2.15 NPTL 2.15 
rlimit: STACK 8192k, CORE infinity, NPROC 7859, NOFILE 4096, AS infinity
load average:0.13 0.12 0.14

/proc/meminfo:
MemTotal:        1025112 kB
MemFree:           70540 kB
Buffers:           55544 kB
Cached:           311040 kB
SwapCached:         3208 kB
Active:           330336 kB
Inactive:         349820 kB
Active(anon):     137656 kB
Inactive(anon):   176212 kB
Active(file):     192680 kB
Inactive(file):   173608 kB
Unevictable:           0 kB
Mlocked:               0 kB
HighTotal:        135048 kB
HighFree:           7268 kB
LowTotal:         890064 kB
LowFree:           63272 kB
SwapTotal:       1046524 kB
SwapFree:        1032796 kB
Dirty:                80 kB
Writeback:             0 kB
AnonPages:        310912 kB
Mapped:            56216 kB
Shmem:               288 kB
Slab:              66024 kB
SReclaimable:      50516 kB
SUnreclaim:        15508 kB
KernelStack:        2952 kB
PageTables:         6136 kB
NFS_Unstable:          0 kB
Bounce:                0 kB
WritebackTmp:          0 kB
CommitLimit:     1559080 kB
Committed_AS:    1989520 kB
VmallocTotal:     122880 kB
VmallocUsed:       23396 kB
VmallocChunk:      79476 kB
HardwareCorrupted:     0 kB
AnonHugePages:    110592 kB
HugePages_Total:       0
HugePages_Free:        0
HugePages_Rsvd:        0
HugePages_Surp:        0
Hugepagesize:       2048 kB
DirectMap4k:       49144 kB
DirectMap2M:      864256 kB


CPU:total 1 (initial active 1) (1 cores per cpu, 1 threads per core) family 6 model 70 stepping 1, cmov, cx8, fxsr, mmx, sse, sse2, sse3, ssse3, sse4.1, sse4.2, popcnt, avx, avx2, aes, clmul, erms, lzcnt, tsc, tscinvbit, bmi1, bmi2

/proc/cpuinfo:
processor	: 0
vendor_id	: GenuineIntel
cpu family	: 6
model		: 70
model name	: Intel(R) Core(TM) i7-4770HQ CPU @ 2.20GHz
stepping	: 1
microcode	: 0x19
cpu MHz		: 2195.105
cache size	: 6144 KB
physical id	: 0
siblings	: 1
core id		: 0
cpu cores	: 1
apicid		: 0
initial apicid	: 0
fdiv_bug	: no
f00f_bug	: no
coma_bug	: no
fpu		: yes
fpu_exception	: yes
cpuid level	: 13
wp		: yes
flags		: fpu vme de pse tsc msr pae mce cx8 apic sep mtrr pge mca cmov pat pse36 clflush dts mmx fxsr sse sse2 ss nx pdpe1gb rdtscp lm constant_tsc arch_perfmon pebs bts xtopology tsc_reliable nonstop_tsc aperfmperf eagerfpu pni pclmulqdq ssse3 fma cx16 pcid sse4_1 sse4_2 x2apic movbe popcnt tsc_deadline_timer aes xsave avx f16c rdrand hypervisor lahf_lm abm ida arat epb xsaveopt pln pts dtherm fsgsbase tsc_adjust bmi1 avx2 smep bmi2 invpcid
bogomips	: 4390.21
clflush size	: 64
cache_alignment	: 64
address sizes	: 42 bits physical, 48 bits virtual
power management:



Memory: 4k page, physical 1025112k(70540k free), swap 1046524k(1032796k free)

vm_info: Java HotSpot(TM) Client VM (25.181-b13) for linux-x86 JRE (1.8.0_181-b13), built on Jul  7 2018 01:10:12 by "java_re" with gcc 4.3.0 20080428 (Red Hat 4.3.0-8)

time: Tue Aug 28 11:16:38 2018
elapsed time: 88 seconds (0d 0h 1m 28s)

