#
# A fatal error has been detected by the Java Runtime Environment:
#
#  SIGSEGV (0xb) at pc=0x0000000108b174a6, pid=21165, tid=0x0000000000005603
#
# JRE version: Java(TM) SE Runtime Environment (8.0_112-b16) (build 1.8.0_112-b16)
# Java VM: Java HotSpot(TM) 64-Bit Server VM (25.112-b16 mixed mode bsd-amd64 compressed oops)
# Problematic frame:
# V  [libjvm.dylib+0x3174a6]
#
# Failed to write core dump. Core dumps have been disabled. To enable core dumping, try "ulimit -c unlimited" before starting Java again
#
# If you would like to submit a bug report, please visit:
#   http://bugreport.java.com/bugreport/crash.jsp
#

---------------  T H R E A D  ---------------

Current thread (0x00007fa306859800):  JavaThread "Thread-0" [_thread_in_vm, id=22019, stack(0x0000700004a7c000,0x0000700004afc000)]

siginfo: si_signo: 11 (SIGSEGV), si_code: 1 (SEGV_MAPERR), si_addr: 0x0000000000000000

Registers:
RAX=0x0000700004afbd70, RBX=0x0000000000000000, RCX=0x00007fa306859800, RDX=0x0000000000000000
RSP=0x0000700004afbbe0, RBP=0x0000700004afbd60, RSI=0x00007fa306704568, RDI=0x00007fa3068599f8
R8 =0x0000000108b173c4, R9 =0x00007fa306516c65, R10=0x0000700004afbbf8, R11=0x00007fa1fda1ec29
R12=0x00007fa306859800, R13=0x0000000000000000, R14=0x00007fa306704568, R15=0x00007fa3068599f8
RIP=0x0000000108b174a6, EFLAGS=0x0000000000010202, ERR=0x0000000000000004
  TRAPNO=0x000000000000000e

Top of Stack: (sp=0x0000700004afbbe0)
0x0000700004afbbe0:   0000000000000009 00000007c0000208
0x0000700004afbbf0:   0000700004afbc40 00000001088b2cbe
0x0000700004afbc00:   000000076ad8faa0 00007fa3064301f8
0x0000700004afbc10:   0000000108b173c4 00007fa306516c65
0x0000700004afbc20:   0000000000000000 0000000000000000
0x0000700004afbc30:   0000000000000009 00000007c0000208
0x0000700004afbc40:   0000700004afbc80 0000000108d7b8d8
0x0000700004afbc50:   0000000010000031 0000000000000009
0x0000700004afbc60:   00007fa306859800 0000000000000000
0x0000700004afbc70:   000000076ad8faa0 0000000000000009
0x0000700004afbc80:   0000700004afbcb0 0000000108af31a5
0x0000700004afbc90:   0000000000000000 00007fa306859800
0x0000700004afbca0:   00007fa30642f498 00007fa306516c65
0x0000700004afbcb0:   0000700004afbce0 0000000108af53cd
0x0000700004afbcc0:   4f708078dfb77cdf 00007fa306859800
0x0000700004afbcd0:   00007fa3068599f8 00007fa306516c65
0x0000700004afbce0:   000000000000000e 0000000000000000
0x0000700004afbcf0:   0000003000000018 0000700004afbd70
0x0000700004afbd00:   0000700004afbbf0 00007fa306859800
0x0000700004afbd10:   00007fa30642f490 00007fa30000064d
0x0000700004afbd20:   0000000108dfdddc 00007fa306859800
0x0000700004afbd30:   00007fa306859800 0000700004afc000
0x0000700004afbd40:   0000000000000000 0000000000000000
0x0000700004afbd50:   0000000000000000 0000000000000000
0x0000700004afbd60:   0000700004afbdd0 000000010f1a8951
0x0000700004afbd70:   0000000804afbda0 0000000108b173c4
0x0000700004afbd80:   0000000000000000 00007fa306704568
0x0000700004afbd90:   00007fa3068599f8 0000000108b23dd2
0x0000700004afbda0:   0000001c04afbdd0 0000000000000000
0x0000700004afbdb0:   00007fa3064301f0 00007fa3068599f8
0x0000700004afbdc0:   0000000006516c65 00007fa306516c65
0x0000700004afbdd0:   0000700004afbe30 000000010f1a7b4e 

Instructions: (pc=0x0000000108b174a6)
0x0000000108b17486:   89 45 a0 48 8d 45 10 48 89 45 98 c7 45 94 30 00
0x0000000108b17496:   00 00 c7 45 90 18 00 00 00 c7 45 80 0e 00 00 00
0x0000000108b174a6:   48 8b 03 48 8b 40 08 0f b7 48 24 48 8b 40 08 48
0x0000000108b174b6:   8b 74 c8 50 4c 8d ad 40 ff ff ff 4c 89 ef e8 bb 

Register to memory mapping:

RAX=0x0000700004afbd70 is pointing into the stack for thread: 0x00007fa306859800
RBX=0x0000000000000000 is an unknown value
RCX=0x00007fa306859800 is a thread
RDX=0x0000000000000000 is an unknown value
RSP=0x0000700004afbbe0 is pointing into the stack for thread: 0x00007fa306859800
RBP=0x0000700004afbd60 is pointing into the stack for thread: 0x00007fa306859800
RSI=0x00007fa306704568 is a global jni handle
RDI=0x00007fa3068599f8 is an unknown value
R8 =0x0000000108b173c4: jni_CallVoidMethod+0 in /Library/Java/JavaVirtualMachines/jdk1.8.0_112.jdk/Contents/Home/jre/lib/server/libjvm.dylib at 0x0000000108800000
R9 =0x00007fa306516c65 is an unknown value
R10=0x0000700004afbbf8 is pointing into the stack for thread: 0x00007fa306859800
R11=0x00007fa1fda1ec29 is an unknown value
R12=0x00007fa306859800 is a thread
R13=0x0000000000000000 is an unknown value
R14=0x00007fa306704568 is a global jni handle
R15=0x00007fa3068599f8 is an unknown value


Stack: [0x0000700004a7c000,0x0000700004afc000],  sp=0x0000700004afbbe0,  free space=510k
Native frames: (J=compiled Java code, j=interpreted, Vv=VM code, C=native code)
V  [libjvm.dylib+0x3174a6]
C  [libserver.dylib+0x3951]  client_online+0x131
C  [libserver.dylib+0x2b4e]  save_client+0x15e
C  [libserver.dylib+0x30bb]  handle_msg+0x14b
C  [libsystem_pthread.dylib+0x333d]  _pthread_body+0x7e
C  [libsystem_pthread.dylib+0x62a7]  _pthread_start+0x46
C  [libsystem_pthread.dylib+0x2425]  thread_start+0xd
C  0x0000000000000000


---------------  P R O C E S S  ---------------

Java Threads: ( => current thread )
=>0x00007fa306859800 JavaThread "Thread-0" [_thread_in_vm, id=22019, stack(0x0000700004a7c000,0x0000700004afc000)]
  0x00007fa306884000 JavaThread "Service Thread" daemon [_thread_blocked, id=16643, stack(0x0000700004770000,0x0000700004870000)]
  0x00007fa30880f000 JavaThread "C1 CompilerThread3" daemon [_thread_blocked, id=16387, stack(0x000070000466d000,0x000070000476d000)]
  0x00007fa30880e800 JavaThread "C2 CompilerThread2" daemon [_thread_blocked, id=15875, stack(0x000070000456a000,0x000070000466a000)]
  0x00007fa306859000 JavaThread "C2 CompilerThread1" daemon [_thread_blocked, id=15619, stack(0x0000700004467000,0x0000700004567000)]
  0x00007fa30783f800 JavaThread "C2 CompilerThread0" daemon [_thread_blocked, id=15363, stack(0x0000700004364000,0x0000700004464000)]
  0x00007fa309000000 JavaThread "Signal Dispatcher" daemon [_thread_blocked, id=15107, stack(0x0000700004261000,0x0000700004361000)]
  0x00007fa30781d800 JavaThread "Finalizer" daemon [_thread_blocked, id=13315, stack(0x000070000415e000,0x000070000425e000)]
  0x00007fa30781a800 JavaThread "Reference Handler" daemon [_thread_blocked, id=13059, stack(0x000070000405b000,0x000070000415b000)]
  0x00007fa306806000 JavaThread "main" [_thread_in_native, id=9475, stack(0x000070000363d000,0x000070000373d000)]

Other Threads:
  0x00007fa30883a000 VMThread [stack: 0x0000700003f58000,0x0000700004058000] [id=12547]
  0x00007fa308810000 WatcherThread [stack: 0x0000700004873000,0x0000700004973000] [id=16899]

VM state:not at safepoint (normal execution)

VM Mutex/Monitor currently owned by a thread: None

Heap:
 PSYoungGen      total 76288K, used 3932K [0x000000076ab00000, 0x0000000770000000, 0x00000007c0000000)
  eden space 65536K, 6% used [0x000000076ab00000,0x000000076aed7240,0x000000076eb00000)
  from space 10752K, 0% used [0x000000076f580000,0x000000076f580000,0x0000000770000000)
  to   space 10752K, 0% used [0x000000076eb00000,0x000000076eb00000,0x000000076f580000)
 ParOldGen       total 175104K, used 0K [0x00000006c0000000, 0x00000006cab00000, 0x000000076ab00000)
  object space 175104K, 0% used [0x00000006c0000000,0x00000006c0000000,0x00000006cab00000)
 Metaspace       used 3512K, capacity 4604K, committed 4864K, reserved 1056768K
  class space    used 402K, capacity 428K, committed 512K, reserved 1048576K

Card table byte_map: [0x0000000109b62000,0x000000010a363000] byte_map_base: 0x0000000106562000

Marking Bits: (ParMarkBitMap*) 0x00000001090f0d30
 Begin Bits: [0x0000000121926000, 0x0000000125926000)
 End Bits:   [0x0000000125926000, 0x0000000129926000)

Polling page: 0x0000000107706000

CodeCache: size=245760Kb used=1152Kb max_used=1163Kb free=244607Kb
 bounds [0x0000000112926000, 0x0000000112b96000, 0x0000000121926000]
 total_blobs=289 nmethods=47 adapters=156
 compilation: enabled

Compilation events (10 events):
Event: 0.104 Thread 0x00007fa30880f000   42       3       java.util.HashMap$Node::<init> (26 bytes)
Event: 0.104 Thread 0x00007fa30880f000 nmethod 42 0x0000000112a44910 code [0x0000000112a44a80, 0x0000000112a44c70]
Event: 0.104 Thread 0x00007fa30880f000   43       3       java.util.HashMap::newNode (13 bytes)
Event: 0.104 Thread 0x00007fa30880f000 nmethod 43 0x0000000112a44d50 code [0x0000000112a44ec0, 0x0000000112a45170]
Event: 0.104 Thread 0x00007fa30880f000   44       3       java.util.HashMap::afterNodeInsertion (1 bytes)
Event: 0.104 Thread 0x00007fa30880f000 nmethod 44 0x0000000112a45290 code [0x0000000112a453e0, 0x0000000112a45530]
Event: 0.104 Thread 0x00007fa30880f000   46       1       java.util.ArrayList::size (5 bytes)
Event: 0.104 Thread 0x00007fa30880f000 nmethod 46 0x0000000112a45590 code [0x0000000112a456e0, 0x0000000112a457f0]
Event: 0.105 Thread 0x00007fa30880e800   47       4       java.lang.String::hashCode (55 bytes)
Event: 0.106 Thread 0x00007fa30880e800 nmethod 47 0x0000000112a49250 code [0x0000000112a493a0, 0x0000000112a49518]

GC Heap History (0 events):
No events

Deoptimization events (0 events):
No events

Internal exceptions (7 events):
Event: 0.029 Thread 0x00007fa306806000 Exception <a 'java/lang/NoSuchMethodError': Method sun.misc.Unsafe.defineClass(Ljava/lang/String;[BII)Ljava/lang/Class; name or signature does not match> (0x000000076ab07c78) thrown at [/Users/java_re/workspace/8-2-build-macosx-x86_64/jdk8u112/7935/hotspo
Event: 0.029 Thread 0x00007fa306806000 Exception <a 'java/lang/NoSuchMethodError': Method sun.misc.Unsafe.prefetchRead(Ljava/lang/Object;J)V name or signature does not match> (0x000000076ab07f60) thrown at [/Users/java_re/workspace/8-2-build-macosx-x86_64/jdk8u112/7935/hotspot/src/share/vm/pri
Event: 0.089 Thread 0x00007fa306806000 Exception <a 'java/security/PrivilegedActionException'> (0x000000076ab9c138) thrown at [/Users/java_re/workspace/8-2-build-macosx-x86_64/jdk8u112/7935/hotspot/src/share/vm/prims/jvm.cpp, line 1390]
Event: 0.089 Thread 0x00007fa306806000 Exception <a 'java/security/PrivilegedActionException'> (0x000000076ab9c530) thrown at [/Users/java_re/workspace/8-2-build-macosx-x86_64/jdk8u112/7935/hotspot/src/share/vm/prims/jvm.cpp, line 1390]
Event: 0.089 Thread 0x00007fa306806000 Exception <a 'java/security/PrivilegedActionException'> (0x000000076ab9fa20) thrown at [/Users/java_re/workspace/8-2-build-macosx-x86_64/jdk8u112/7935/hotspot/src/share/vm/prims/jvm.cpp, line 1390]
Event: 0.089 Thread 0x00007fa306806000 Exception <a 'java/security/PrivilegedActionException'> (0x000000076ab9fe18) thrown at [/Users/java_re/workspace/8-2-build-macosx-x86_64/jdk8u112/7935/hotspot/src/share/vm/prims/jvm.cpp, line 1390]
Event: 220.059 Thread 0x00007fa306859800 Exception <a 'java/lang/NoSuchMethodError': newClientConnect> (0x000000076ad8f898) thrown at [/Users/java_re/workspace/8-2-build-macosx-x86_64/jdk8u112/7935/hotspot/src/share/vm/prims/jni.cpp, line 1613]

Events (10 events):
Event: 0.105 loading class java/text/DecimalFormat done
Event: 0.105 loading class java/text/FieldPosition
Event: 0.105 loading class java/text/FieldPosition done
Event: 0.105 loading class java/text/DigitList
Event: 0.105 loading class java/text/DigitList done
Event: 0.105 loading class java/math/RoundingMode
Event: 0.105 loading class java/math/RoundingMode done
Event: 4.101 Executing VM operation: EnableBiasedLocking
Event: 4.101 Executing VM operation: EnableBiasedLocking done
Event: 220.058 Thread 0x00007fa306859800 Thread added: 0x00007fa306859800


Dynamic libraries:
0x000000001bad6000 	/System/Library/Frameworks/Cocoa.framework/Versions/A/Cocoa
0x000000001bad6000 	/System/Library/Frameworks/Security.framework/Versions/A/Security
0x000000001bad6000 	/System/Library/Frameworks/ApplicationServices.framework/Versions/A/ApplicationServices
0x000000001bad6000 	/usr/lib/libz.1.dylib
0x000000001bad6000 	/usr/lib/libSystem.B.dylib
0x000000001bad6000 	/usr/lib/libobjc.A.dylib
0x000000001bad6000 	/System/Library/Frameworks/CoreFoundation.framework/Versions/A/CoreFoundation
0x000000001bad6000 	/System/Library/Frameworks/Foundation.framework/Versions/C/Foundation
0x000000001bad6000 	/System/Library/Frameworks/AppKit.framework/Versions/C/AppKit
0x000000001bad6000 	/System/Library/Frameworks/CoreData.framework/Versions/A/CoreData
0x000000001bad6000 	/System/Library/PrivateFrameworks/RemoteViewServices.framework/Versions/A/RemoteViewServices
0x000000001bad6000 	/System/Library/PrivateFrameworks/UIFoundation.framework/Versions/A/UIFoundation
0x000000001bad6000 	/System/Library/PrivateFrameworks/XCTTargetBootstrap.framework/Versions/A/XCTTargetBootstrap
0x000000001bad6000 	/System/Library/PrivateFrameworks/IconServices.framework/Versions/A/IconServices
0x000000001bad6000 	/System/Library/Frameworks/Metal.framework/Versions/A/Metal
0x000000001bad6000 	/System/Library/PrivateFrameworks/DesktopServicesPriv.framework/Versions/A/DesktopServicesPriv
0x000000001bad6000 	/usr/lib/libenergytrace.dylib
0x000000001bad6000 	/System/Library/PrivateFrameworks/SkyLight.framework/Versions/A/SkyLight
0x000000001bad6000 	/System/Library/Frameworks/CoreGraphics.framework/Versions/A/CoreGraphics
0x000000001bad6000 	/System/Library/Frameworks/Accelerate.framework/Versions/A/Accelerate
0x000000001bad6000 	/System/Library/Frameworks/IOSurface.framework/Versions/A/IOSurface
0x000000001bad6000 	/System/Library/PrivateFrameworks/DFRFoundation.framework/Versions/A/DFRFoundation
0x000000001bad6000 	/System/Library/Frameworks/AudioToolbox.framework/Versions/A/AudioToolbox
0x000000001bad6000 	/System/Library/Frameworks/AudioUnit.framework/Versions/A/AudioUnit
0x000000001bad6000 	/System/Library/PrivateFrameworks/DataDetectorsCore.framework/Versions/A/DataDetectorsCore
0x000000001bad6000 	/System/Library/Frameworks/Carbon.framework/Versions/A/Frameworks/HIToolbox.framework/Versions/A/HIToolbox
0x000000001bad6000 	/usr/lib/libicucore.A.dylib
0x000000001bad6000 	/System/Library/Frameworks/QuartzCore.framework/Versions/A/QuartzCore
0x000000001bad6000 	/System/Library/Frameworks/Carbon.framework/Versions/A/Frameworks/SpeechRecognition.framework/Versions/A/SpeechRecognition
0x000000001bad6000 	/usr/lib/libauto.dylib
0x000000001bad6000 	/usr/lib/libxml2.2.dylib
0x000000001bad6000 	/System/Library/PrivateFrameworks/CoreUI.framework/Versions/A/CoreUI
0x000000001bad6000 	/System/Library/Frameworks/CoreAudio.framework/Versions/A/CoreAudio
0x000000001bad6000 	/System/Library/Frameworks/DiskArbitration.framework/Versions/A/DiskArbitration
0x000000001bad6000 	/usr/lib/liblangid.dylib
0x000000001bad6000 	/System/Library/PrivateFrameworks/MultitouchSupport.framework/Versions/A/MultitouchSupport
0x000000001bad6000 	/System/Library/Frameworks/IOKit.framework/Versions/A/IOKit
0x000000001bad6000 	/usr/lib/libDiagnosticMessagesClient.dylib
0x000000001bad6000 	/System/Library/Frameworks/CoreServices.framework/Versions/A/CoreServices
0x000000001bad6000 	/System/Library/PrivateFrameworks/PerformanceAnalysis.framework/Versions/A/PerformanceAnalysis
0x000000001bad6000 	/System/Library/Frameworks/OpenGL.framework/Versions/A/OpenGL
0x000000001bad6000 	/System/Library/Frameworks/ColorSync.framework/Versions/A/ColorSync
0x000000001bad6000 	/System/Library/Frameworks/CoreImage.framework/Versions/A/CoreImage
0x000000001bad6000 	/System/Library/Frameworks/CoreText.framework/Versions/A/CoreText
0x000000001bad6000 	/System/Library/Frameworks/ImageIO.framework/Versions/A/ImageIO
0x000000001bad6000 	/System/Library/PrivateFrameworks/Backup.framework/Versions/A/Backup
0x000000001bad6000 	/usr/lib/libarchive.2.dylib
0x000000001bad6000 	/System/Library/Frameworks/CFNetwork.framework/Versions/A/CFNetwork
0x000000001bad6000 	/System/Library/Frameworks/SystemConfiguration.framework/Versions/A/SystemConfiguration
0x000000001bad6000 	/usr/lib/libCRFSuite.dylib
0x000000001bad6000 	/usr/lib/libc++.1.dylib
0x000000001bad6000 	/usr/lib/libc++abi.dylib
0x000000001bad6000 	/usr/lib/system/libcache.dylib
0x000000001bad6000 	/usr/lib/system/libcommonCrypto.dylib
0x000000001bad6000 	/usr/lib/system/libcompiler_rt.dylib
0x000000001bad6000 	/usr/lib/system/libcopyfile.dylib
0x000000001bad6000 	/usr/lib/system/libcorecrypto.dylib
0x000000001bad6000 	/usr/lib/system/libdispatch.dylib
0x000000001bad6000 	/usr/lib/system/libdyld.dylib
0x000000001bad6000 	/usr/lib/system/libkeymgr.dylib
0x000000001bad6000 	/usr/lib/system/liblaunch.dylib
0x000000001bad6000 	/usr/lib/system/libmacho.dylib
0x000000001bad6000 	/usr/lib/system/libquarantine.dylib
0x000000001bad6000 	/usr/lib/system/libremovefile.dylib
0x000000001bad6000 	/usr/lib/system/libsystem_asl.dylib
0x000000001bad6000 	/usr/lib/system/libsystem_blocks.dylib
0x000000001bad6000 	/usr/lib/system/libsystem_c.dylib
0x000000001bad6000 	/usr/lib/system/libsystem_configuration.dylib
0x000000001bad6000 	/usr/lib/system/libsystem_coreservices.dylib
0x000000001bad6000 	/usr/lib/system/libsystem_darwin.dylib
0x000000001bad6000 	/usr/lib/system/libsystem_dnssd.dylib
0x000000001bad6000 	/usr/lib/system/libsystem_info.dylib
0x000000001bad6000 	/usr/lib/system/libsystem_m.dylib
0x000000001bad6000 	/usr/lib/system/libsystem_malloc.dylib
0x000000001bad6000 	/usr/lib/system/libsystem_networkextension.dylib
0x000000001bad6000 	/usr/lib/system/libsystem_notify.dylib
0x000000001bad6000 	/usr/lib/system/libsystem_sandbox.dylib
0x000000001bad6000 	/usr/lib/system/libsystem_secinit.dylib
0x000000001bad6000 	/usr/lib/system/libsystem_kernel.dylib
0x000000001bad6000 	/usr/lib/system/libsystem_platform.dylib
0x000000001bad6000 	/usr/lib/system/libsystem_pthread.dylib
0x000000001bad6000 	/usr/lib/system/libsystem_symptoms.dylib
0x000000001bad6000 	/usr/lib/system/libsystem_trace.dylib
0x000000001bad6000 	/usr/lib/system/libunwind.dylib
0x000000001bad6000 	/usr/lib/system/libxpc.dylib
0x000000001bad6000 	/usr/lib/libbsm.0.dylib
0x000000001bad6000 	/usr/lib/system/libkxld.dylib
0x000000001bad6000 	/System/Library/PrivateFrameworks/AppleFSCompression.framework/Versions/A/AppleFSCompression
0x000000001bad6000 	/usr/lib/libOpenScriptingUtil.dylib
0x000000001bad6000 	/usr/lib/libcoretls.dylib
0x000000001bad6000 	/usr/lib/libcoretls_cfhelpers.dylib
0x000000001bad6000 	/usr/lib/libpam.2.dylib
0x000000001bad6000 	/usr/lib/libsqlite3.dylib
0x000000001bad6000 	/usr/lib/libxar.1.dylib
0x000000001bad6000 	/usr/lib/libbz2.1.0.dylib
0x000000001bad6000 	/usr/lib/liblzma.5.dylib
0x000000001bad6000 	/usr/lib/libnetwork.dylib
0x000000001bad6000 	/usr/lib/libapple_nghttp2.dylib
0x000000001bad6000 	/usr/lib/libpcap.A.dylib
0x000000001bad6000 	/System/Library/Frameworks/CoreServices.framework/Versions/A/Frameworks/FSEvents.framework/Versions/A/FSEvents
0x000000001bad6000 	/System/Library/Frameworks/CoreServices.framework/Versions/A/Frameworks/CarbonCore.framework/Versions/A/CarbonCore
0x000000001bad6000 	/System/Library/Frameworks/CoreServices.framework/Versions/A/Frameworks/Metadata.framework/Versions/A/Metadata
0x000000001bad6000 	/System/Library/Frameworks/CoreServices.framework/Versions/A/Frameworks/OSServices.framework/Versions/A/OSServices
0x000000001bad6000 	/System/Library/Frameworks/CoreServices.framework/Versions/A/Frameworks/SearchKit.framework/Versions/A/SearchKit
0x000000001bad6000 	/System/Library/Frameworks/CoreServices.framework/Versions/A/Frameworks/AE.framework/Versions/A/AE
0x000000001bad6000 	/System/Library/Frameworks/CoreServices.framework/Versions/A/Frameworks/LaunchServices.framework/Versions/A/LaunchServices
0x000000001bad6000 	/System/Library/Frameworks/CoreServices.framework/Versions/A/Frameworks/DictionaryServices.framework/Versions/A/DictionaryServices
0x000000001bad6000 	/System/Library/Frameworks/CoreServices.framework/Versions/A/Frameworks/SharedFileList.framework/Versions/A/SharedFileList
0x000000001bad6000 	/System/Library/Frameworks/NetFS.framework/Versions/A/NetFS
0x000000001bad6000 	/System/Library/PrivateFrameworks/NetAuth.framework/Versions/A/NetAuth
0x000000001bad6000 	/System/Library/PrivateFrameworks/login.framework/Versions/A/Frameworks/loginsupport.framework/Versions/A/loginsupport
0x000000001bad6000 	/System/Library/PrivateFrameworks/TCC.framework/Versions/A/TCC
0x000000001bad6000 	/System/Library/PrivateFrameworks/CoreNLP.framework/Versions/A/CoreNLP
0x000000001bad6000 	/System/Library/PrivateFrameworks/MetadataUtilities.framework/Versions/A/MetadataUtilities
0x000000001bad6000 	/usr/lib/libmecabra.dylib
0x000000001bad6000 	/System/Library/Frameworks/ApplicationServices.framework/Versions/A/Frameworks/ATS.framework/Versions/A/ATS
0x000000001bad6000 	/System/Library/Frameworks/ApplicationServices.framework/Versions/A/Frameworks/ColorSyncLegacy.framework/Versions/A/ColorSyncLegacy
0x000000001bad6000 	/System/Library/Frameworks/ApplicationServices.framework/Versions/A/Frameworks/HIServices.framework/Versions/A/HIServices
0x000000001bad6000 	/System/Library/Frameworks/ApplicationServices.framework/Versions/A/Frameworks/LangAnalysis.framework/Versions/A/LangAnalysis
0x000000001bad6000 	/System/Library/Frameworks/ApplicationServices.framework/Versions/A/Frameworks/PrintCore.framework/Versions/A/PrintCore
0x000000001bad6000 	/System/Library/Frameworks/ApplicationServices.framework/Versions/A/Frameworks/QD.framework/Versions/A/QD
0x000000001bad6000 	/System/Library/Frameworks/ApplicationServices.framework/Versions/A/Frameworks/SpeechSynthesis.framework/Versions/A/SpeechSynthesis
0x000000001bad6000 	/usr/lib/libcompression.dylib
0x000000001bad6000 	/System/Library/Frameworks/CoreDisplay.framework/Versions/A/CoreDisplay
0x000000001bad6000 	/System/Library/Frameworks/MetalPerformanceShaders.framework/Versions/A/MetalPerformanceShaders
0x000000001bad6000 	/System/Library/Frameworks/Accelerate.framework/Versions/A/Frameworks/vImage.framework/Versions/A/vImage
0x000000001bad6000 	/System/Library/Frameworks/Accelerate.framework/Versions/A/Frameworks/vecLib.framework/Versions/A/vecLib
0x000000001bad6000 	/System/Library/Frameworks/Accelerate.framework/Versions/A/Frameworks/vecLib.framework/Versions/A/libvMisc.dylib
0x000000001bad6000 	/System/Library/Frameworks/Accelerate.framework/Versions/A/Frameworks/vecLib.framework/Versions/A/libvDSP.dylib
0x000000001bad6000 	/System/Library/Frameworks/Accelerate.framework/Versions/A/Frameworks/vecLib.framework/Versions/A/libBLAS.dylib
0x000000001bad6000 	/System/Library/Frameworks/Accelerate.framework/Versions/A/Frameworks/vecLib.framework/Versions/A/libLAPACK.dylib
0x000000001bad6000 	/System/Library/Frameworks/Accelerate.framework/Versions/A/Frameworks/vecLib.framework/Versions/A/libLinearAlgebra.dylib
0x000000001bad6000 	/System/Library/Frameworks/Accelerate.framework/Versions/A/Frameworks/vecLib.framework/Versions/A/libSparseBLAS.dylib
0x000000001bad6000 	/System/Library/Frameworks/Accelerate.framework/Versions/A/Frameworks/vecLib.framework/Versions/A/libQuadrature.dylib
0x000000001bad6000 	/System/Library/Frameworks/Accelerate.framework/Versions/A/Frameworks/vecLib.framework/Versions/A/libBNNS.dylib
0x000000001bad6000 	/System/Library/Frameworks/Accelerate.framework/Versions/A/Frameworks/vecLib.framework/Versions/A/libSparse.dylib
0x000000001bad6000 	/System/Library/PrivateFrameworks/GPUWrangler.framework/Versions/A/GPUWrangler
0x000000001bad6000 	/System/Library/PrivateFrameworks/IOAccelerator.framework/Versions/A/IOAccelerator
0x000000001bad6000 	/System/Library/PrivateFrameworks/IOPresentment.framework/Versions/A/IOPresentment
0x000000001bad6000 	/System/Library/PrivateFrameworks/DSExternalDisplay.framework/Versions/A/DSExternalDisplay
0x000000001bad6000 	/System/Library/Frameworks/OpenGL.framework/Versions/A/Libraries/libCoreFSCache.dylib
0x000000001bad6000 	/System/Library/Frameworks/MetalPerformanceShaders.framework/Frameworks/MPSCore.framework/Versions/A/MPSCore
0x000000001bad6000 	/System/Library/Frameworks/MetalPerformanceShaders.framework/Frameworks/MPSImage.framework/Versions/A/MPSImage
0x000000001bad6000 	/System/Library/Frameworks/MetalPerformanceShaders.framework/Frameworks/MPSNeuralNetwork.framework/Versions/A/MPSNeuralNetwork
0x000000001bad6000 	/System/Library/Frameworks/MetalPerformanceShaders.framework/Frameworks/MPSMatrix.framework/Versions/A/MPSMatrix
0x000000001bad6000 	/System/Library/Frameworks/MetalPerformanceShaders.framework/Frameworks/MPSRayIntersector.framework/Versions/A/MPSRayIntersector
0x000000001bad6000 	/System/Library/PrivateFrameworks/MetalTools.framework/Versions/A/MetalTools
0x000000001bad6000 	/System/Library/PrivateFrameworks/AggregateDictionary.framework/Versions/A/AggregateDictionary
0x000000001bad6000 	/usr/lib/libMobileGestalt.dylib
0x000000001bad6000 	/System/Library/Frameworks/CoreVideo.framework/Versions/A/CoreVideo
0x000000001bad6000 	/System/Library/PrivateFrameworks/GraphVisualizer.framework/Versions/A/GraphVisualizer
0x000000001bad6000 	/System/Library/PrivateFrameworks/FaceCore.framework/Versions/A/FaceCore
0x000000001bad6000 	/System/Library/Frameworks/OpenCL.framework/Versions/A/OpenCL
0x000000001bad6000 	/usr/lib/libFosl_dynamic.dylib
0x000000001bad6000 	/System/Library/PrivateFrameworks/OTSVG.framework/Versions/A/OTSVG
0x000000001bad6000 	/System/Library/Frameworks/ApplicationServices.framework/Versions/A/Frameworks/ATS.framework/Versions/A/Resources/libFontParser.dylib
0x000000001bad6000 	/System/Library/Frameworks/ApplicationServices.framework/Versions/A/Frameworks/ATS.framework/Versions/A/Resources/libFontRegistry.dylib
0x000000001bad6000 	/System/Library/Frameworks/ImageIO.framework/Versions/A/Resources/libJPEG.dylib
0x000000001bad6000 	/System/Library/Frameworks/ImageIO.framework/Versions/A/Resources/libTIFF.dylib
0x000000001bad6000 	/System/Library/Frameworks/ImageIO.framework/Versions/A/Resources/libPng.dylib
0x000000001bad6000 	/System/Library/Frameworks/ImageIO.framework/Versions/A/Resources/libGIF.dylib
0x000000001bad6000 	/System/Library/Frameworks/ImageIO.framework/Versions/A/Resources/libJP2.dylib
0x000000001bad6000 	/System/Library/Frameworks/ImageIO.framework/Versions/A/Resources/libRadiance.dylib
0x000000001bad6000 	/System/Library/PrivateFrameworks/AppleJPEG.framework/Versions/A/AppleJPEG
0x000000001bad6000 	/System/Library/Frameworks/OpenGL.framework/Versions/A/Libraries/libGFXShared.dylib
0x000000001bad6000 	/System/Library/Frameworks/OpenGL.framework/Versions/A/Libraries/libGLU.dylib
0x000000001bad6000 	/System/Library/Frameworks/OpenGL.framework/Versions/A/Libraries/libGL.dylib
0x000000001bad6000 	/System/Library/Frameworks/OpenGL.framework/Versions/A/Libraries/libGLImage.dylib
0x000000001bad6000 	/System/Library/Frameworks/OpenGL.framework/Versions/A/Libraries/libCVMSPluginSupport.dylib
0x000000001bad6000 	/System/Library/Frameworks/OpenGL.framework/Versions/A/Libraries/libCoreVMClient.dylib
0x000000001bad6000 	/usr/lib/libcups.2.dylib
0x000000001bad6000 	/System/Library/Frameworks/Kerberos.framework/Versions/A/Kerberos
0x000000001bad6000 	/System/Library/Frameworks/GSS.framework/Versions/A/GSS
0x000000001bad6000 	/usr/lib/libresolv.9.dylib
0x000000001bad6000 	/usr/lib/libiconv.2.dylib
0x000000001bad6000 	/System/Library/PrivateFrameworks/Heimdal.framework/Versions/A/Heimdal
0x000000001bad6000 	/usr/lib/libheimdal-asn1.dylib
0x000000001bad6000 	/System/Library/Frameworks/OpenDirectory.framework/Versions/A/OpenDirectory
0x000000001bad6000 	/System/Library/PrivateFrameworks/CommonAuth.framework/Versions/A/CommonAuth
0x000000001bad6000 	/System/Library/Frameworks/OpenDirectory.framework/Versions/A/Frameworks/CFOpenDirectory.framework/Versions/A/CFOpenDirectory
0x000000001bad6000 	/System/Library/Frameworks/SecurityFoundation.framework/Versions/A/SecurityFoundation
0x000000001bad6000 	/System/Library/PrivateFrameworks/APFS.framework/Versions/A/APFS
0x000000001bad6000 	/usr/lib/libutil.dylib
0x000000001bad6000 	/usr/lib/libcharset.1.dylib
0x000000001bad6000 	/System/Library/PrivateFrameworks/AppleSauce.framework/Versions/A/AppleSauce
0x000000001bad6000 	/System/Library/PrivateFrameworks/AssertionServices.framework/Versions/A/AssertionServices
0x000000001bad6000 	/System/Library/PrivateFrameworks/BaseBoard.framework/Versions/A/BaseBoard
0x000000001bad6000 	/usr/lib/libmecab.1.0.0.dylib
0x000000001bad6000 	/usr/lib/libgermantok.dylib
0x000000001bad6000 	/usr/lib/libThaiTokenizer.dylib
0x000000001bad6000 	/usr/lib/libChineseTokenizer.dylib
0x000000001bad6000 	/System/Library/PrivateFrameworks/LanguageModeling.framework/Versions/A/LanguageModeling
0x000000001bad6000 	/System/Library/PrivateFrameworks/CoreEmoji.framework/Versions/A/CoreEmoji
0x000000001bad6000 	/System/Library/PrivateFrameworks/Lexicon.framework/Versions/A/Lexicon
0x000000001bad6000 	/System/Library/PrivateFrameworks/LinguisticData.framework/Versions/A/LinguisticData
0x000000001bad6000 	/usr/lib/libcmph.dylib
0x000000001bad6000 	/System/Library/Frameworks/ServiceManagement.framework/Versions/A/ServiceManagement
0x000000001bad6000 	/System/Library/PrivateFrameworks/BackgroundTaskManagement.framework/Versions/A/BackgroundTaskManagement
0x000000001bad6000 	/usr/lib/libxslt.1.dylib
0x000000001bad6000 	/System/Library/Frameworks/Carbon.framework/Versions/A/Frameworks/Ink.framework/Versions/A/Ink
0x000000001bad6000 	/System/Library/PrivateFrameworks/TextureIO.framework/Versions/A/TextureIO
0x000000001bad6000 	/usr/lib/libate.dylib
0x000000001bad6000 	/System/Library/PrivateFrameworks/CrashReporterSupport.framework/Versions/A/CrashReporterSupport
0x000000001bad6000 	/System/Library/PrivateFrameworks/Sharing.framework/Versions/A/Sharing
0x000000001bad6000 	/System/Library/PrivateFrameworks/AuthKit.framework/Versions/A/AuthKit
0x000000001bad6000 	/System/Library/PrivateFrameworks/Apple80211.framework/Versions/A/Apple80211
0x000000001bad6000 	/System/Library/PrivateFrameworks/CoreUtils.framework/Versions/A/CoreUtils
0x000000001bad6000 	/System/Library/Frameworks/CoreWLAN.framework/Versions/A/CoreWLAN
0x000000001bad6000 	/System/Library/Frameworks/IOBluetooth.framework/Versions/A/IOBluetooth
0x000000001bad6000 	/System/Library/PrivateFrameworks/ProtocolBuffer.framework/Versions/A/ProtocolBuffer
0x000000001bad6000 	/System/Library/PrivateFrameworks/MobileKeyBag.framework/Versions/A/MobileKeyBag
0x000000001bad6000 	/System/Library/PrivateFrameworks/CorePhoneNumbers.framework/Versions/A/CorePhoneNumbers
0x000000001bad6000 	/System/Library/PrivateFrameworks/AppleIDAuthSupport.framework/Versions/A/AppleIDAuthSupport
0x000000001bad6000 	/System/Library/PrivateFrameworks/KeychainCircle.framework/Versions/A/KeychainCircle
0x000000001bad6000 	/System/Library/PrivateFrameworks/ROCKit.framework/Versions/A/ROCKit
0x000000001bad6000 	/System/Library/PrivateFrameworks/CoreWiFi.framework/Versions/A/CoreWiFi
0x000000001bad6000 	/System/Library/Frameworks/CoreBluetooth.framework/Versions/A/CoreBluetooth
0x000000001bad6000 	/System/Library/PrivateFrameworks/DebugSymbols.framework/Versions/A/DebugSymbols
0x000000001bad6000 	/System/Library/PrivateFrameworks/CoreSymbolication.framework/Versions/A/CoreSymbolication
0x000000001bad6000 	/System/Library/PrivateFrameworks/Symbolication.framework/Versions/A/Symbolication
0x000000001bad6000 	/System/Library/PrivateFrameworks/SpeechRecognitionCore.framework/Versions/A/SpeechRecognitionCore
0x000000001bad6000 	/System/Library/CoreServices/Encodings/libSimplifiedChineseConverter.dylib
0x0000000108800000 	/Library/Java/JavaVirtualMachines/jdk1.8.0_112.jdk/Contents/Home/jre/lib/server/libjvm.dylib
0x000000001bad6000 	/usr/lib/libstdc++.6.dylib
0x00000001076c3000 	/Library/Java/JavaVirtualMachines/jdk1.8.0_112.jdk/Contents/Home/jre/lib/libverify.dylib
0x00000001076d1000 	/Library/Java/JavaVirtualMachines/jdk1.8.0_112.jdk/Contents/Home/jre/lib/libjava.dylib
0x0000000107750000 	/Library/Java/JavaVirtualMachines/jdk1.8.0_112.jdk/Contents/Home/jre/lib/libzip.dylib
0x000000001bad6000 	/System/Library/Frameworks/JavaVM.framework/Versions/A/Frameworks/JavaRuntimeSupport.framework/Versions/A/JavaRuntimeSupport
0x000000001bad6000 	/System/Library/Frameworks/JavaVM.framework/Versions/A/Frameworks/JavaNativeFoundation.framework/Versions/A/JavaNativeFoundation
0x000000001bad6000 	/System/Library/Frameworks/JavaVM.framework/Versions/A/JavaVM
0x000000001bad6000 	/System/Library/Frameworks/Carbon.framework/Versions/A/Carbon
0x000000001bad6000 	/System/Library/PrivateFrameworks/JavaLaunching.framework/Versions/A/JavaLaunching
0x000000001bad6000 	/System/Library/Frameworks/Carbon.framework/Versions/A/Frameworks/CommonPanels.framework/Versions/A/CommonPanels
0x000000001bad6000 	/System/Library/Frameworks/Carbon.framework/Versions/A/Frameworks/Help.framework/Versions/A/Help
0x000000001bad6000 	/System/Library/Frameworks/Carbon.framework/Versions/A/Frameworks/ImageCapture.framework/Versions/A/ImageCapture
0x000000001bad6000 	/System/Library/Frameworks/Carbon.framework/Versions/A/Frameworks/OpenScripting.framework/Versions/A/OpenScripting
0x000000001bad6000 	/System/Library/Frameworks/Carbon.framework/Versions/A/Frameworks/Print.framework/Versions/A/Print
0x000000001bad6000 	/System/Library/Frameworks/Carbon.framework/Versions/A/Frameworks/SecurityHI.framework/Versions/A/SecurityHI
0x000000010f1a5000 	/Users/fu/work/c_work/TelServer/src/com/fu/server/libserver.dylib

VM Arguments:
java_command: com.fu.server.Main
java_class_path (initial): .
Launcher Type: SUN_STANDARD

Environment Variables:
PATH=/usr/local/bin:/usr/bin:/bin:/usr/sbin:/sbin:/Users/fu/Library/Android/sdk/tools:/Users/fu/Library/Android/sdk/platform-tools
SHELL=/bin/bash

Signal Handlers:
SIGSEGV: [libjvm.dylib+0x5b11a5], sa_mask[0]=11111111011111110111111111111111, sa_flags=SA_ONSTACK|SA_RESTART|SA_SIGINFO
SIGBUS: [libjvm.dylib+0x5b11a5], sa_mask[0]=11111111011111110111111111111111, sa_flags=SA_RESTART|SA_SIGINFO
SIGFPE: [libjvm.dylib+0x487dc0], sa_mask[0]=11111111011111110111111111111111, sa_flags=SA_RESTART|SA_SIGINFO
SIGPIPE: [libjvm.dylib+0x487dc0], sa_mask[0]=11111111011111110111111111111111, sa_flags=SA_RESTART|SA_SIGINFO
SIGXFSZ: [libjvm.dylib+0x487dc0], sa_mask[0]=11111111011111110111111111111111, sa_flags=SA_RESTART|SA_SIGINFO
SIGILL: [libjvm.dylib+0x487dc0], sa_mask[0]=11111111011111110111111111111111, sa_flags=SA_RESTART|SA_SIGINFO
SIGUSR1: SIG_DFL, sa_mask[0]=11011111011111100000000111000110, sa_flags=none
SIGUSR2: [libjvm.dylib+0x4878de], sa_mask[0]=00000000000000000000000000000000, sa_flags=SA_RESTART|SA_SIGINFO
SIGHUP: [libjvm.dylib+0x485eb5], sa_mask[0]=11111111011111110111111111111111, sa_flags=SA_RESTART|SA_SIGINFO
SIGINT: [libjvm.dylib+0x485eb5], sa_mask[0]=11111111011111110111111111111111, sa_flags=SA_RESTART|SA_SIGINFO
SIGTERM: [libjvm.dylib+0x485eb5], sa_mask[0]=11111111011111110111111111111111, sa_flags=SA_RESTART|SA_SIGINFO
SIGQUIT: [libjvm.dylib+0x485eb5], sa_mask[0]=11111111011111110111111111111111, sa_flags=SA_RESTART|SA_SIGINFO


---------------  S Y S T E M  ---------------

OS:Bsduname:Darwin 18.0.0 Darwin Kernel Version 18.0.0: Wed Aug 22 20:13:40 PDT 2018; root:xnu-4903.201.2~1/RELEASE_X86_64 x86_64
rlimit: STACK 8192k, CORE 0k, NPROC 1418, NOFILE 10240, AS infinity
load average:1.96 2.39 2.38

CPU:total 8 (4 cores per cpu, 2 threads per core) family 6 model 70 stepping 1, cmov, cx8, fxsr, mmx, sse, sse2, sse3, ssse3, sse4.1, sse4.2, popcnt, avx, avx2, aes, clmul, erms, lzcnt, ht, tsc, tscinvbit, bmi1, bmi2

Memory: 4k page, physical 16777216k(516212k free)

/proc/meminfo:


vm_info: Java HotSpot(TM) 64-Bit Server VM (25.112-b16) for bsd-amd64 JRE (1.8.0_112-b16), built on Sep 30 2016 22:41:41 by "java_re" with gcc 4.2.1 (Based on Apple Inc. build 5658) (LLVM build 2336.11.00)

time: Wed Nov 21 17:18:38 2018
elapsed time: 220 seconds (0d 0h 3m 40s)

