#
# A fatal error has been detected by the Java Runtime Environment:
#
#  SIGSEGV (0xb) at pc=0xb6e2a507, pid=11358, tid=0xa2e59b40
#
# JRE version: Java(TM) SE Runtime Environment (8.0_181-b13) (build 1.8.0_181-b13)
# Java VM: Java HotSpot(TM) Client VM (25.181-b13 mixed mode linux-x86 )
# Problematic frame:
# V  [libjvm.so+0x35e507]  JNI_ArgumentPusherVaArg::JNI_ArgumentPusherVaArg(_jmethodID*, char*)+0x17
#
# Core dump written. Default location: /home/linux/Desktop/TelServer/src/core or core.11358
#
# If you would like to submit a bug report, please visit:
#   http://bugreport.java.com/bugreport/crash.jsp
#

---------------  T H R E A D  ---------------

Current thread (0xa4200800):  JavaThread "Thread-0" [_thread_in_vm, id=11369, stack(0xa2659000,0xa2e5a000)]

siginfo: si_signo: 11 (SIGSEGV), si_code: 1 (SEGV_MAPERR), si_addr: 0x00000000

Registers:
EAX=0x00000000, EBX=0xb713a3fc, ECX=0xa4cb4ea0, EDX=0xa4200800
ESP=0xa2e591c0, EBP=0xa2e591c8, ESI=0xa2e591ec, EDI=0xa4200800
EIP=0xb6e2a507, EFLAGS=0x00010286, CR2=0x00000000

Top of Stack: (sp=0xa2e591c0)
0xa2e591c0:   b713a3fc a2e591ec a2e59238 b6e105f8
0xa2e591d0:   a2e591ec 00000000 a2e5924c 00000000
0xa2e591e0:   a4200800 a2e59218 a2e59208 b6e1b2d7
0xa2e591f0:   a2e59228 a4cb50a0 00000000 00000000
0xa2e59200:   00000001 a4200800 a4200800 a4200db0
0xa2e59210:   0000064d b70f54d8 0000000e a4200db0
0xa2e59220:   0000064d a4200800 a4200800 b6a17ff4
0xa2e59230:   b6e10530 a2e592b0 a2e59268 b6a125be 

Instructions: (pc=0xb6e2a507)
0xb6e2a4e7:   5e 5d c3 90 90 90 90 90 90 55 89 e5 56 53 e8 00
0xb6e2a4f7:   00 00 00 5b 81 c3 02 ff 30 00 8b 45 0c 8b 75 08
0xb6e2a507:   8b 00 8b 50 04 50 50 8b 42 1c 8b 52 08 25 ff ff
0xb6e2a517:   00 00 8b 44 82 2c 50 56 e8 ac a4 1b 00 8d 83 cc 

Register to memory mapping:

EAX=0x00000000 is an unknown value
EBX=0xb713a3fc: <offset 0x66e3fc> in /usr/java/jdk1.8.0_181/jre/lib/i386/client/libjvm.so at 0xb6acc000
ECX=
[error occurred during error reporting (printing register info), id 0xb]

Stack: [0xa2659000,0xa2e5a000],  sp=0xa2e591c0,  free space=8192k
Native frames: (J=compiled Java code, j=interpreted, Vv=VM code, C=native code)
V  [libjvm.so+0x35e507]  JNI_ArgumentPusherVaArg::JNI_ArgumentPusherVaArg(_jmethodID*, char*)+0x17
V  [libjvm.so+0x3445f8]  jni_CallVoidMethod+0xc8
C  [libserver.so+0x25be]  client_online+0xf8
C  [libserver.so+0x45f7]  save_client+0x161
C  [libserver.so+0x4fb7]  handle_msg+0xf6
C  [libpthread.so.0+0x6d4c]  start_thread+0xcc
C  [libc.so.6+0xf187e]  clone+0x5e


---------------  P R O C E S S  ---------------

Java Threads: ( => current thread )
=>0xa4200800 JavaThread "Thread-0" [_thread_in_vm, id=11369, stack(0xa2659000,0xa2e5a000)]
  0xb6985800 JavaThread "Service Thread" daemon [_thread_blocked, id=11365, stack(0xa3edd000,0xa3f2e000)]
  0xb6982400 JavaThread "C1 CompilerThread0" daemon [_thread_blocked, id=11364, stack(0xa3f2e000,0xa3faf000)]
  0xb6980c00 JavaThread "Signal Dispatcher" daemon [_thread_blocked, id=11363, stack(0xa3faf000,0xa4000000)]
  0xb6965800 JavaThread "Finalizer" daemon [_thread_blocked, id=11362, stack(0xa4339000,0xa438a000)]
  0xb6963c00 JavaThread "Reference Handler" daemon [_thread_blocked, id=11361, stack(0xa438a000,0xa43db000)]
  0xb6907c00 JavaThread "main" [_thread_in_native, id=11359, stack(0xb6a4f000,0xb6aa0000)]

Other Threads:
  0xb695e400 VMThread [stack: 0xa43db000,0xa445c000] [id=11360]
  0xb6988c00 WatcherThread [stack: 0xa3e5c000,0xa3edd000] [id=11366]

VM state:not at safepoint (normal execution)

VM Mutex/Monitor currently owned by a thread: None

Heap:
 def new generation   total 4928K, used 811K [0xa4c00000, 0xa5150000, 0xaa000000)
  eden space 4416K,  18% used [0xa4c00000, 0xa4ccaed8, 0xa5050000)
  from space 512K,   0% used [0xa5050000, 0xa5050000, 0xa50d0000)
  to   space 512K,   0% used [0xa50d0000, 0xa50d0000, 0xa5150000)
 tenured generation   total 10944K, used 0K [0xaa000000, 0xaaab0000, 0xb4800000)
   the space 10944K,   0% used [0xaa000000, 0xaa000000, 0xaa000200, 0xaaab0000)
 Metaspace       used 2116K, capacity 2204K, committed 2328K, reserved 4400K

Card table byte_map: [0xa4b81000,0xa4c00000] byte_map_base: 0xa465b000

Polling page: 0xb7762000

CodeCache: size=32768Kb used=709Kb max_used=709Kb free=32058Kb
 bounds [0xb48b3000, 0xb496b000, 0xb68b3000]
 total_blobs=158 nmethods=17 adapters=73
 compilation: enabled

Compilation events (10 events):
Event: 0.095 Thread 0xb6982400   13             java.io.BufferedInputStream::getBufIfOpen (21 bytes)
Event: 0.095 Thread 0xb6982400 nmethod 13 0xb4962b48 code [0xb4962c60, 0xb4962d5c]
Event: 0.095 Thread 0xb6982400   14  s          java.io.BufferedInputStream::read (49 bytes)
Event: 0.095 Thread 0xb6982400 nmethod 14 0xb4962dc8 code [0xb4962f10, 0xb49631f4]
Event: 0.096 Thread 0xb6982400   15             java.util.StringTokenizer::scanToken (179 bytes)
Event: 0.097 Thread 0xb6982400 nmethod 15 0xb4963348 code [0xb49634c0, 0xb496389c]
Event: 0.097 Thread 0xb6982400   16             java.lang.Math::min (11 bytes)
Event: 0.097 Thread 0xb6982400 nmethod 16 0xb4963d88 code [0xb4963e80, 0xb4963ef0]
Event: 0.097 Thread 0xb6982400   17             java.lang.String::startsWith (72 bytes)
Event: 0.097 Thread 0xb6982400 nmethod 17 0xb4963f48 code [0xb4964050, 0xb4964180]

GC Heap History (0 events):
No events

Deoptimization events (0 events):
No events

Classes redefined (0 events):
No events

Internal exceptions (7 events):
Event: 0.033 Thread 0xb6907c00 Exception <a 'java/lang/NoSuchMethodError': Method sun.misc.Unsafe.defineClass(Ljava/lang/String;[BII)Ljava/lang/Class; name or signature does not match> (0xa4c06ea0) thrown at [/HUDSON/workspace/8-2-build-linux-i586/jdk8u181/11358/hotspot/src/share/vm/pr
Event: 0.033 Thread 0xb6907c00 Exception <a 'java/lang/NoSuchMethodError': Method sun.misc.Unsafe.prefetchRead(Ljava/lang/Object;J)V name or signature does not match> (0xa4c07170) thrown at [/HUDSON/workspace/8-2-build-linux-i586/jdk8u181/11358/hotspot/src/share/vm/prims/jni.cpp, line 
Event: 0.089 Thread 0xb6907c00 Exception <a 'java/security/PrivilegedActionException'> (0xa4c8dba8) thrown at [/HUDSON/workspace/8-2-build-linux-i586/jdk8u181/11358/hotspot/src/share/vm/prims/jvm.cpp, line 1435]
Event: 0.089 Thread 0xb6907c00 Exception <a 'java/security/PrivilegedActionException'> (0xa4c8df88) thrown at [/HUDSON/workspace/8-2-build-linux-i586/jdk8u181/11358/hotspot/src/share/vm/prims/jvm.cpp, line 1435]
Event: 0.089 Thread 0xb6907c00 Exception <a 'java/security/PrivilegedActionException'> (0xa4c901e0) thrown at [/HUDSON/workspace/8-2-build-linux-i586/jdk8u181/11358/hotspot/src/share/vm/prims/jvm.cpp, line 1435]
Event: 0.089 Thread 0xb6907c00 Exception <a 'java/security/PrivilegedActionException'> (0xa4c905c0) thrown at [/HUDSON/workspace/8-2-build-linux-i586/jdk8u181/11358/hotspot/src/share/vm/prims/jvm.cpp, line 1435]
Event: 8.087 Thread 0xa4200800 Exception <a 'java/lang/NoSuchMethodError': newClientConnect> (0xa4cb4ea0) thrown at [/HUDSON/workspace/8-2-build-linux-i586/jdk8u181/11358/hotspot/src/share/vm/prims/jni.cpp, line 1613]

Events (10 events):
Event: 0.105 loading class java/text/DecimalFormat done
Event: 0.105 loading class java/text/FieldPosition
Event: 0.105 loading class java/text/FieldPosition done
Event: 0.105 loading class java/text/DigitList
Event: 0.105 loading class java/text/DigitList done
Event: 0.105 loading class java/math/RoundingMode
Event: 0.105 loading class java/math/RoundingMode done
Event: 4.104 Executing VM operation: EnableBiasedLocking
Event: 4.104 Executing VM operation: EnableBiasedLocking done
Event: 8.087 Thread 0xa4200800 Thread added: 0xa4200800


Dynamic libraries:
08048000-08049000 r-xp 00000000 08:01 553237     /usr/java/jdk1.8.0_181/bin/java
08049000-0804a000 rw-p 00000000 08:01 553237     /usr/java/jdk1.8.0_181/bin/java
0836b000-0846c000 rw-p 00000000 00:00 0          [heap]
a14de000-a1657000 rw-p 00000000 00:00 0 
a1657000-a1658000 ---p 00000000 00:00 0 
a1658000-a1e58000 rw-p 00000000 00:00 0          [stack:11371]
a1e58000-a1e59000 ---p 00000000 00:00 0 
a1e59000-a2659000 rw-p 00000000 00:00 0          [stack:11370]
a2659000-a265c000 ---p 00000000 00:00 0 
a265c000-a2e5a000 rw-p 00000000 00:00 0          [stack:11369]
a2e5a000-a2e5b000 ---p 00000000 00:00 0 
a2e5b000-a365b000 rw-p 00000000 00:00 0          [stack:11368]
a365b000-a365c000 ---p 00000000 00:00 0 
a365c000-a3e5c000 rw-p 00000000 00:00 0          [stack:11367]
a3e5c000-a3e5d000 ---p 00000000 00:00 0 
a3e5d000-a3edd000 rw-p 00000000 00:00 0          [stack:11366]
a3edd000-a3ee0000 ---p 00000000 00:00 0 
a3ee0000-a3f2e000 rw-p 00000000 00:00 0          [stack:11365]
a3f2e000-a3f31000 ---p 00000000 00:00 0 
a3f31000-a3faf000 rw-p 00000000 00:00 0          [stack:11364]
a3faf000-a3fb2000 ---p 00000000 00:00 0 
a3fb2000-a4000000 rw-p 00000000 00:00 0          [stack:11363]
a4000000-a4200000 r--p 00000000 08:01 6790       /usr/lib/locale/locale-archive
a4200000-a4221000 rw-p 00000000 00:00 0 
a4221000-a4300000 ---p 00000000 00:00 0 
a4339000-a433c000 ---p 00000000 00:00 0 
a433c000-a438a000 rw-p 00000000 00:00 0          [stack:11362]
a438a000-a438d000 ---p 00000000 00:00 0 
a438d000-a43db000 rw-p 00000000 00:00 0          [stack:11361]
a43db000-a43dc000 ---p 00000000 00:00 0 
a43dc000-a44ab000 rw-p 00000000 00:00 0          [stack:11360]
a44ab000-a4685000 r--s 03d6b000 08:01 553389     /usr/java/jdk1.8.0_181/jre/lib/rt.jar
a4685000-a4926000 rw-p 00000000 00:00 0 
a4926000-a4b2c000 ---p 00000000 00:00 0 
a4b2c000-a4b32000 rw-p 00000000 00:00 0 
a4b32000-a4b81000 ---p 00000000 00:00 0 
a4b81000-a4b84000 rw-p 00000000 00:00 0 
a4b84000-a4bab000 ---p 00000000 00:00 0 
a4bab000-a4bb1000 rw-p 00000000 00:00 0 
a4bb1000-a4bff000 ---p 00000000 00:00 0 
a4bff000-a5150000 rw-p 00000000 00:00 0 
a5150000-aa000000 ---p 00000000 00:00 0 
aa000000-aaab0000 rw-p 00000000 00:00 0 
aaab0000-b4800000 ---p 00000000 00:00 0 
b480b000-b4836000 rw-p 00000000 00:00 0 
b4836000-b48b3000 ---p 00000000 00:00 0 
b48b3000-b496b000 rwxp 00000000 00:00 0 
b496b000-b68b3000 ---p 00000000 00:00 0 
b68b3000-b68cd000 r-xp 00000000 08:01 936593     /usr/java/jdk1.8.0_181/jre/lib/i386/libzip.so
b68cd000-b68ce000 rw-p 00019000 08:01 936593     /usr/java/jdk1.8.0_181/jre/lib/i386/libzip.so
b68ce000-b68d8000 r-xp 00000000 08:01 922029     /lib/i386-linux-gnu/libnss_files-2.15.so
b68d8000-b68d9000 r--p 00009000 08:01 922029     /lib/i386-linux-gnu/libnss_files-2.15.so
b68d9000-b68da000 rw-p 0000a000 08:01 922029     /lib/i386-linux-gnu/libnss_files-2.15.so
b68da000-b68e4000 r-xp 00000000 08:01 922031     /lib/i386-linux-gnu/libnss_nis-2.15.so
b68e4000-b68e5000 r--p 00009000 08:01 922031     /lib/i386-linux-gnu/libnss_nis-2.15.so
b68e5000-b68e6000 rw-p 0000a000 08:01 922031     /lib/i386-linux-gnu/libnss_nis-2.15.so
b68e6000-b68fc000 r-xp 00000000 08:01 922021     /lib/i386-linux-gnu/libnsl-2.15.so
b68fc000-b68fd000 r--p 00015000 08:01 922021     /lib/i386-linux-gnu/libnsl-2.15.so
b68fd000-b68fe000 rw-p 00016000 08:01 922021     /lib/i386-linux-gnu/libnsl-2.15.so
b68fe000-b6900000 rw-p 00000000 00:00 0 
b6900000-b69a9000 rw-p 00000000 00:00 0 
b69a9000-b6a00000 ---p 00000000 00:00 0 
b6a03000-b6a0a000 r-xp 00000000 08:01 922032     /lib/i386-linux-gnu/libnss_compat-2.15.so
b6a0a000-b6a0b000 r--p 00006000 08:01 922032     /lib/i386-linux-gnu/libnss_compat-2.15.so
b6a0b000-b6a0c000 rw-p 00007000 08:01 922032     /lib/i386-linux-gnu/libnss_compat-2.15.so
b6a10000-b6a17000 r-xp 00000000 08:01 936636     /home/linux/Desktop/TelServer/src/com/fu/server/libserver.so
b6a17000-b6a18000 r--p 00006000 08:01 936636     /home/linux/Desktop/TelServer/src/com/fu/server/libserver.so
b6a18000-b6a19000 rw-p 00007000 08:01 936636     /home/linux/Desktop/TelServer/src/com/fu/server/libserver.so
b6a19000-b6a21000 rw-s 00000000 08:01 1186520    /tmp/hsperfdata_linux/11358
b6a21000-b6a45000 r-xp 00000000 08:01 936587     /usr/java/jdk1.8.0_181/jre/lib/i386/libjava.so
b6a45000-b6a46000 rw-p 00024000 08:01 936587     /usr/java/jdk1.8.0_181/jre/lib/i386/libjava.so
b6a46000-b6a4d000 r-xp 00000000 08:01 918599     /lib/i386-linux-gnu/librt-2.15.so
b6a4d000-b6a4e000 r--p 00006000 08:01 918599     /lib/i386-linux-gnu/librt-2.15.so
b6a4e000-b6a4f000 rw-p 00007000 08:01 918599     /lib/i386-linux-gnu/librt-2.15.so
b6a4f000-b6a52000 ---p 00000000 00:00 0 
b6a52000-b6aa0000 rw-p 00000000 00:00 0          [stack:11359]
b6aa0000-b6aca000 r-xp 00000000 08:01 922022     /lib/i386-linux-gnu/libm-2.15.so
b6aca000-b6acb000 r--p 00029000 08:01 922022     /lib/i386-linux-gnu/libm-2.15.so
b6acb000-b6acc000 rw-p 0002a000 08:01 922022     /lib/i386-linux-gnu/libm-2.15.so
b6acc000-b712a000 r-xp 00000000 08:01 936559     /usr/java/jdk1.8.0_181/jre/lib/i386/client/libjvm.so
b712a000-b7151000 rw-p 0065d000 08:01 936559     /usr/java/jdk1.8.0_181/jre/lib/i386/client/libjvm.so
b7151000-b7577000 rw-p 00000000 00:00 0 
b7577000-b771d000 r-xp 00000000 08:01 922020     /lib/i386-linux-gnu/libc-2.15.so
b771d000-b771f000 r--p 001a6000 08:01 922020     /lib/i386-linux-gnu/libc-2.15.so
b771f000-b7720000 rw-p 001a8000 08:01 922020     /lib/i386-linux-gnu/libc-2.15.so
b7720000-b7723000 rw-p 00000000 00:00 0 
b7723000-b7726000 r-xp 00000000 08:01 922016     /lib/i386-linux-gnu/libdl-2.15.so
b7726000-b7727000 r--p 00002000 08:01 922016     /lib/i386-linux-gnu/libdl-2.15.so
b7727000-b7728000 rw-p 00003000 08:01 922016     /lib/i386-linux-gnu/libdl-2.15.so
b7728000-b7729000 rw-p 00000000 00:00 0 
b7729000-b773e000 r-xp 00000000 08:01 705483     /usr/java/jdk1.8.0_181/lib/i386/jli/libjli.so
b773e000-b773f000 rw-p 00014000 08:01 705483     /usr/java/jdk1.8.0_181/lib/i386/jli/libjli.so
b773f000-b7756000 r-xp 00000000 08:01 922026     /lib/i386-linux-gnu/libpthread-2.15.so
b7756000-b7757000 r--p 00016000 08:01 922026     /lib/i386-linux-gnu/libpthread-2.15.so
b7757000-b7758000 rw-p 00017000 08:01 922026     /lib/i386-linux-gnu/libpthread-2.15.so
b7758000-b775a000 rw-p 00000000 00:00 0 
b775d000-b7760000 rw-p 00000000 00:00 0 
b7760000-b7761000 r--p 005e0000 08:01 6790       /usr/lib/locale/locale-archive
b7761000-b7762000 rw-p 00000000 00:00 0 
b7762000-b7763000 r--p 00000000 00:00 0 
b7763000-b776e000 r-xp 00000000 08:01 936535     /usr/java/jdk1.8.0_181/jre/lib/i386/libverify.so
b776e000-b776f000 rw-p 0000b000 08:01 936535     /usr/java/jdk1.8.0_181/jre/lib/i386/libverify.so
b776f000-b7771000 rw-p 00000000 00:00 0 
b7771000-b7772000 r-xp 00000000 00:00 0          [vdso]
b7772000-b7792000 r-xp 00000000 08:01 922028     /lib/i386-linux-gnu/ld-2.15.so
b7792000-b7793000 r--p 0001f000 08:01 922028     /lib/i386-linux-gnu/ld-2.15.so
b7793000-b7794000 rw-p 00020000 08:01 922028     /lib/i386-linux-gnu/ld-2.15.so
bfa1a000-bfa1b000 rwxp 00000000 00:00 0 
bfa4d000-bfa6e000 rw-p 00000000 00:00 0          [stack]

VM Arguments:
java_command: com.fu.server.Main
java_class_path (initial): .:/usr/java/jdk1.8.0_181/lib/dt.jar:/usr/java/jdk1.8.0_181/lib/tools.jar:/usr/java/jdk1.8.0_181/jre/lib
Launcher Type: SUN_STANDARD

Environment Variables:
JAVA_HOME=/usr/java/jdk1.8.0_181
JRE_HOME=/usr/java/jdk1.8.0_181/jre
CLASSPATH=.:/usr/java/jdk1.8.0_181/lib/dt.jar:/usr/java/jdk1.8.0_181/lib/tools.jar:/usr/java/jdk1.8.0_181/jre/lib
PATH=/usr/lib/lightdm/lightdm:/usr/local/sbin:/usr/local/bin:/usr/sbin:/usr/bin:/sbin:/bin:/usr/games:/home/linux/gcc_arm/gcc-4.6.4/bin:/usr/java/jdk1.8.0_181/bin:/usr/java/jdk1.8.0_181/jre/bin
SHELL=/bin/bash
DISPLAY=:0.0

Signal Handlers:
SIGSEGV: [libjvm.so+0x5c29a0], sa_mask[0]=11111111011111111101111111111110, sa_flags=SA_RESTART|SA_SIGINFO
SIGBUS: [libjvm.so+0x5c29a0], sa_mask[0]=11111111011111111101111111111110, sa_flags=SA_RESTART|SA_SIGINFO
SIGFPE: [libjvm.so+0x4a0fb0], sa_mask[0]=11111111011111111101111111111110, sa_flags=SA_RESTART|SA_SIGINFO
SIGPIPE: [libjvm.so+0x4a0fb0], sa_mask[0]=11111111011111111101111111111110, sa_flags=SA_RESTART|SA_SIGINFO
SIGXFSZ: [libjvm.so+0x4a0fb0], sa_mask[0]=11111111011111111101111111111110, sa_flags=SA_RESTART|SA_SIGINFO
SIGILL: [libjvm.so+0x4a0fb0], sa_mask[0]=11111111011111111101111111111110, sa_flags=SA_RESTART|SA_SIGINFO
SIGUSR1: SIG_DFL, sa_mask[0]=00000000000000000000000000000000, sa_flags=none
SIGUSR2: [libjvm.so+0x4a2890], sa_mask[0]=00000000000000000000000000000000, sa_flags=SA_RESTART|SA_SIGINFO
SIGHUP: [libjvm.so+0x4a3d40], sa_mask[0]=11111111011111111101111111111110, sa_flags=SA_RESTART|SA_SIGINFO
SIGINT: [libjvm.so+0x4a3d40], sa_mask[0]=11111111011111111101111111111110, sa_flags=SA_RESTART|SA_SIGINFO
SIGTERM: [libjvm.so+0x4a3d40], sa_mask[0]=11111111011111111101111111111110, sa_flags=SA_RESTART|SA_SIGINFO
SIGQUIT: [libjvm.so+0x4a3d40], sa_mask[0]=11111111011111111101111111111110, sa_flags=SA_RESTART|SA_SIGINFO


---------------  S Y S T E M  ---------------

OS:DISTRIB_ID=Ubuntu
DISTRIB_RELEASE=12.04
DISTRIB_CODENAME=precise
DISTRIB_DESCRIPTION="Ubuntu 12.04.5 LTS"

uname:Linux 3.13.0-117-generic #164~precise1-Ubuntu SMP Mon Apr 10 16:17:54 UTC 2017 i686
libc:glibc 2.15 NPTL 2.15 
rlimit: STACK 8192k, CORE infinity, NPROC 7859, NOFILE 4096, AS infinity
load average:0.07 0.21 0.18

/proc/meminfo:
MemTotal:        1025112 kB
MemFree:          132476 kB
Buffers:           54600 kB
Cached:           303416 kB
SwapCached:         3208 kB
Active:           269216 kB
Inactive:         359580 kB
Active(anon):      94468 kB
Inactive(anon):   176600 kB
Active(file):     174748 kB
Inactive(file):   182980 kB
Unevictable:           0 kB
Mlocked:               0 kB
HighTotal:        135048 kB
HighFree:          17052 kB
LowTotal:         890064 kB
LowFree:          115424 kB
SwapTotal:       1046524 kB
SwapFree:        1032796 kB
Dirty:               108 kB
Writeback:             0 kB
AnonPages:        268128 kB
Mapped:            51848 kB
Shmem:               288 kB
Slab:              65704 kB
SReclaimable:      50196 kB
SUnreclaim:        15508 kB
KernelStack:        3032 kB
PageTables:         5996 kB
NFS_Unstable:          0 kB
Bounce:                0 kB
WritebackTmp:          0 kB
CommitLimit:     1559080 kB
Committed_AS:    1970980 kB
VmallocTotal:     122880 kB
VmallocUsed:       23404 kB
VmallocChunk:      79476 kB
HardwareCorrupted:     0 kB
AnonHugePages:     83968 kB
HugePages_Total:       0
HugePages_Free:        0
HugePages_Rsvd:        0
HugePages_Surp:        0
Hugepagesize:       2048 kB
DirectMap4k:       49144 kB
DirectMap2M:      864256 kB


CPU:total 1 (initial active 1) (1 cores per cpu, 1 threads per core) family 6 model 70 stepping 1, cmov, cx8, fxsr, mmx, sse, sse2, sse3, ssse3, sse4.1, sse4.2, popcnt, avx, avx2, aes, clmul, erms, lzcnt, tsc, tscinvbit, bmi1, bmi2

/proc/cpuinfo:
processor	: 0
vendor_id	: GenuineIntel
cpu family	: 6
model		: 70
model name	: Intel(R) Core(TM) i7-4770HQ CPU @ 2.20GHz
stepping	: 1
microcode	: 0x19
cpu MHz		: 2195.105
cache size	: 6144 KB
physical id	: 0
siblings	: 1
core id		: 0
cpu cores	: 1
apicid		: 0
initial apicid	: 0
fdiv_bug	: no
f00f_bug	: no
coma_bug	: no
fpu		: yes
fpu_exception	: yes
cpuid level	: 13
wp		: yes
flags		: fpu vme de pse tsc msr pae mce cx8 apic sep mtrr pge mca cmov pat pse36 clflush dts mmx fxsr sse sse2 ss nx pdpe1gb rdtscp lm constant_tsc arch_perfmon pebs bts xtopology tsc_reliable nonstop_tsc aperfmperf eagerfpu pni pclmulqdq ssse3 fma cx16 pcid sse4_1 sse4_2 x2apic movbe popcnt tsc_deadline_timer aes xsave avx f16c rdrand hypervisor lahf_lm abm ida arat epb xsaveopt pln pts dtherm fsgsbase tsc_adjust bmi1 avx2 smep bmi2 invpcid
bogomips	: 4390.21
clflush size	: 64
cache_alignment	: 64
address sizes	: 42 bits physical, 48 bits virtual
power management:



Memory: 4k page, physical 1025112k(132476k free), swap 1046524k(1032796k free)

vm_info: Java HotSpot(TM) Client VM (25.181-b13) for linux-x86 JRE (1.8.0_181-b13), built on Jul  7 2018 01:10:12 by "java_re" with gcc 4.3.0 20080428 (Red Hat 4.3.0-8)

time: Tue Aug 28 11:08:38 2018
elapsed time: 8 seconds (0d 0h 0m 8s)

