#
# A fatal error has been detected by the Java Runtime Environment:
#
#  SIGSEGV (0xb) at pc=0xb6e6d507, pid=10930, tid=0xa2eb7b40
#
# JRE version: Java(TM) SE Runtime Environment (8.0_181-b13) (build 1.8.0_181-b13)
# Java VM: Java HotSpot(TM) Client VM (25.181-b13 mixed mode linux-x86 )
# Problematic frame:
# V  [libjvm.so+0x35e507]  JNI_ArgumentPusherVaArg::JNI_ArgumentPusherVaArg(_jmethodID*, char*)+0x17
#
# Core dump written. Default location: /home/linux/Desktop/TelServer/src/core or core.10930
#
# If you would like to submit a bug report, please visit:
#   http://bugreport.java.com/bugreport/crash.jsp
#

---------------  T H R E A D  ---------------

Current thread (0xa4300800):  JavaThread "Thread-0" [_thread_in_vm, id=10941, stack(0xa26b7000,0xa2eb8000)]

siginfo: si_signo: 11 (SIGSEGV), si_code: 1 (SEGV_MAPERR), si_addr: 0x00000000

Registers:
EAX=0x00000000, EBX=0xb717d3fc, ECX=0xa4cb4ea0, EDX=0xa4300800
ESP=0xa2eb71c0, EBP=0xa2eb71c8, ESI=0xa2eb71ec, EDI=0xa4300800
EIP=0xb6e6d507, EFLAGS=0x00010286, CR2=0x00000000

Top of Stack: (sp=0xa2eb71c0)
0xa2eb71c0:   b717d3fc a2eb71ec a2eb7238 b6e535f8
0xa2eb71d0:   a2eb71ec 00000000 a2eb724c 00000000
0xa2eb71e0:   a4300800 a2eb7218 a2eb7208 b6e5e2d7
0xa2eb71f0:   a2eb7228 a4cb50a0 00000000 00000000
0xa2eb7200:   00000001 a4300800 a4300800 a4300db0
0xa2eb7210:   0000064d b71384d8 0000000e a4300db0
0xa2eb7220:   0000064d a4300800 a4300800 b6a5aff4
0xa2eb7230:   b6e53530 a2eb72b0 a2eb7268 b6a555be 

Instructions: (pc=0xb6e6d507)
0xb6e6d4e7:   5e 5d c3 90 90 90 90 90 90 55 89 e5 56 53 e8 00
0xb6e6d4f7:   00 00 00 5b 81 c3 02 ff 30 00 8b 45 0c 8b 75 08
0xb6e6d507:   8b 00 8b 50 04 50 50 8b 42 1c 8b 52 08 25 ff ff
0xb6e6d517:   00 00 8b 44 82 2c 50 56 e8 ac a4 1b 00 8d 83 cc 

Register to memory mapping:

EAX=0x00000000 is an unknown value
EBX=0xb717d3fc: <offset 0x66e3fc> in /usr/java/jdk1.8.0_181/jre/lib/i386/client/libjvm.so at 0xb6b0f000
ECX=
[error occurred during error reporting (printing register info), id 0xb]

Stack: [0xa26b7000,0xa2eb8000],  sp=0xa2eb71c0,  free space=8192k
Native frames: (J=compiled Java code, j=interpreted, Vv=VM code, C=native code)
V  [libjvm.so+0x35e507]  JNI_ArgumentPusherVaArg::JNI_ArgumentPusherVaArg(_jmethodID*, char*)+0x17
V  [libjvm.so+0x3445f8]  jni_CallVoidMethod+0xc8
C  [libserver.so+0x25be]  client_online+0xf8
C  [libserver.so+0x45f7]  save_client+0x161
C  [libserver.so+0x4fb7]  handle_msg+0xf6
C  [libpthread.so.0+0x6d4c]  start_thread+0xcc
C  [libc.so.6+0xf187e]  clone+0x5e


---------------  P R O C E S S  ---------------

Java Threads: ( => current thread )
=>0xa4300800 JavaThread "Thread-0" [_thread_in_vm, id=10941, stack(0xa26b7000,0xa2eb8000)]
  0xb6985800 JavaThread "Service Thread" daemon [_thread_blocked, id=10937, stack(0xa3f3b000,0xa3f8c000)]
  0xb6982400 JavaThread "C1 CompilerThread0" daemon [_thread_blocked, id=10936, stack(0xa3f8c000,0xa400d000)]
  0xb6980c00 JavaThread "Signal Dispatcher" daemon [_thread_blocked, id=10935, stack(0xa400d000,0xa405e000)]
  0xb6965800 JavaThread "Finalizer" daemon [_thread_blocked, id=10934, stack(0xa425e000,0xa42af000)]
  0xb6963c00 JavaThread "Reference Handler" daemon [_thread_blocked, id=10933, stack(0xa42af000,0xa4300000)]
  0xb6907c00 JavaThread "main" [_thread_in_native, id=10931, stack(0xb6a92000,0xb6ae3000)]

Other Threads:
  0xb695e400 VMThread [stack: 0xa4430000,0xa44b1000] [id=10932]
  0xb6988c00 WatcherThread [stack: 0xa3eba000,0xa3f3b000] [id=10938]

VM state:not at safepoint (normal execution)

VM Mutex/Monitor currently owned by a thread: None

Heap:
 def new generation   total 4928K, used 811K [0xa4c00000, 0xa5150000, 0xaa000000)
  eden space 4416K,  18% used [0xa4c00000, 0xa4ccaed8, 0xa5050000)
  from space 512K,   0% used [0xa5050000, 0xa5050000, 0xa50d0000)
  to   space 512K,   0% used [0xa50d0000, 0xa50d0000, 0xa5150000)
 tenured generation   total 10944K, used 0K [0xaa000000, 0xaaab0000, 0xb4800000)
   the space 10944K,   0% used [0xaa000000, 0xaa000000, 0xaa000200, 0xaaab0000)
 Metaspace       used 2116K, capacity 2204K, committed 2328K, reserved 4400K

Card table byte_map: [0xa4b81000,0xa4c00000] byte_map_base: 0xa465b000

Polling page: 0xb77a5000

CodeCache: size=32768Kb used=709Kb max_used=709Kb free=32058Kb
 bounds [0xb48e5000, 0xb499d000, 0xb68e5000]
 total_blobs=158 nmethods=17 adapters=73
 compilation: enabled

Compilation events (10 events):
Event: 0.110 Thread 0xb6982400   13             java.io.BufferedInputStream::getBufIfOpen (21 bytes)
Event: 0.111 Thread 0xb6982400 nmethod 13 0xb4994b48 code [0xb4994c60, 0xb4994d5c]
Event: 0.111 Thread 0xb6982400   14  s          java.io.BufferedInputStream::read (49 bytes)
Event: 0.111 Thread 0xb6982400 nmethod 14 0xb4994dc8 code [0xb4994f10, 0xb49951f4]
Event: 0.112 Thread 0xb6982400   15             java.util.StringTokenizer::scanToken (179 bytes)
Event: 0.112 Thread 0xb6982400 nmethod 15 0xb4995348 code [0xb49954c0, 0xb499589c]
Event: 0.112 Thread 0xb6982400   16             java.lang.Math::min (11 bytes)
Event: 0.112 Thread 0xb6982400 nmethod 16 0xb4995d88 code [0xb4995e80, 0xb4995ef0]
Event: 0.113 Thread 0xb6982400   17             java.lang.String::startsWith (72 bytes)
Event: 0.113 Thread 0xb6982400 nmethod 17 0xb4995f48 code [0xb4996050, 0xb4996180]

GC Heap History (0 events):
No events

Deoptimization events (0 events):
No events

Classes redefined (0 events):
No events

Internal exceptions (7 events):
Event: 0.032 Thread 0xb6907c00 Exception <a 'java/lang/NoSuchMethodError': Method sun.misc.Unsafe.defineClass(Ljava/lang/String;[BII)Ljava/lang/Class; name or signature does not match> (0xa4c06ea0) thrown at [/HUDSON/workspace/8-2-build-linux-i586/jdk8u181/11358/hotspot/src/share/vm/pr
Event: 0.032 Thread 0xb6907c00 Exception <a 'java/lang/NoSuchMethodError': Method sun.misc.Unsafe.prefetchRead(Ljava/lang/Object;J)V name or signature does not match> (0xa4c07170) thrown at [/HUDSON/workspace/8-2-build-linux-i586/jdk8u181/11358/hotspot/src/share/vm/prims/jni.cpp, line 
Event: 0.093 Thread 0xb6907c00 Exception <a 'java/security/PrivilegedActionException'> (0xa4c8dba8) thrown at [/HUDSON/workspace/8-2-build-linux-i586/jdk8u181/11358/hotspot/src/share/vm/prims/jvm.cpp, line 1435]
Event: 0.093 Thread 0xb6907c00 Exception <a 'java/security/PrivilegedActionException'> (0xa4c8df88) thrown at [/HUDSON/workspace/8-2-build-linux-i586/jdk8u181/11358/hotspot/src/share/vm/prims/jvm.cpp, line 1435]
Event: 0.093 Thread 0xb6907c00 Exception <a 'java/security/PrivilegedActionException'> (0xa4c901e0) thrown at [/HUDSON/workspace/8-2-build-linux-i586/jdk8u181/11358/hotspot/src/share/vm/prims/jvm.cpp, line 1435]
Event: 0.093 Thread 0xb6907c00 Exception <a 'java/security/PrivilegedActionException'> (0xa4c905c0) thrown at [/HUDSON/workspace/8-2-build-linux-i586/jdk8u181/11358/hotspot/src/share/vm/prims/jvm.cpp, line 1435]
Event: 88.196 Thread 0xa4300800 Exception <a 'java/lang/NoSuchMethodError': newClientConnect> (0xa4cb4ea0) thrown at [/HUDSON/workspace/8-2-build-linux-i586/jdk8u181/11358/hotspot/src/share/vm/prims/jni.cpp, line 1613]

Events (10 events):
Event: 0.115 loading class java/text/DecimalFormat done
Event: 0.116 loading class java/text/FieldPosition
Event: 0.116 loading class java/text/FieldPosition done
Event: 0.116 loading class java/text/DigitList
Event: 0.117 loading class java/text/DigitList done
Event: 0.117 loading class java/math/RoundingMode
Event: 0.117 loading class java/math/RoundingMode done
Event: 4.097 Executing VM operation: EnableBiasedLocking
Event: 4.098 Executing VM operation: EnableBiasedLocking done
Event: 88.195 Thread 0xa4300800 Thread added: 0xa4300800


Dynamic libraries:
08048000-08049000 r-xp 00000000 08:01 553237     /usr/java/jdk1.8.0_181/bin/java
08049000-0804a000 rw-p 00000000 08:01 553237     /usr/java/jdk1.8.0_181/bin/java
0940f000-094ef000 rw-p 00000000 00:00 0          [heap]
a153c000-a16b5000 rw-p 00000000 00:00 0 
a16b5000-a16b6000 ---p 00000000 00:00 0 
a16b6000-a1eb6000 rw-p 00000000 00:00 0          [stack:10943]
a1eb6000-a1eb7000 ---p 00000000 00:00 0 
a1eb7000-a26b7000 rw-p 00000000 00:00 0          [stack:10942]
a26b7000-a26ba000 ---p 00000000 00:00 0 
a26ba000-a2eb8000 rw-p 00000000 00:00 0          [stack:10941]
a2eb8000-a2eb9000 ---p 00000000 00:00 0 
a2eb9000-a36b9000 rw-p 00000000 00:00 0          [stack:10940]
a36b9000-a36ba000 ---p 00000000 00:00 0 
a36ba000-a3eba000 rw-p 00000000 00:00 0          [stack:10939]
a3eba000-a3ebb000 ---p 00000000 00:00 0 
a3ebb000-a3f3b000 rw-p 00000000 00:00 0          [stack:10938]
a3f3b000-a3f3e000 ---p 00000000 00:00 0 
a3f3e000-a3f8c000 rw-p 00000000 00:00 0          [stack:10937]
a3f8c000-a3f8f000 ---p 00000000 00:00 0 
a3f8f000-a400d000 rw-p 00000000 00:00 0          [stack:10936]
a400d000-a4010000 ---p 00000000 00:00 0 
a4010000-a405e000 rw-p 00000000 00:00 0          [stack:10935]
a405e000-a425e000 r--p 00000000 08:01 6790       /usr/lib/locale/locale-archive
a425e000-a4261000 ---p 00000000 00:00 0 
a4261000-a42af000 rw-p 00000000 00:00 0          [stack:10934]
a42af000-a42b2000 ---p 00000000 00:00 0 
a42b2000-a4300000 rw-p 00000000 00:00 0          [stack:10933]
a4300000-a4321000 rw-p 00000000 00:00 0 
a4321000-a4400000 ---p 00000000 00:00 0 
a4408000-a4430000 rw-p 00000000 00:00 0 
a4430000-a4431000 ---p 00000000 00:00 0 
a4431000-a4500000 rw-p 00000000 00:00 0          [stack:10932]
a4500000-a46da000 r--s 03d6b000 08:01 553389     /usr/java/jdk1.8.0_181/jre/lib/rt.jar
a46da000-a497b000 rw-p 00000000 00:00 0 
a497b000-a4b81000 ---p 00000000 00:00 0 
a4b81000-a4b84000 rw-p 00000000 00:00 0 
a4b84000-a4bab000 ---p 00000000 00:00 0 
a4bab000-a4bb1000 rw-p 00000000 00:00 0 
a4bb1000-a4bff000 ---p 00000000 00:00 0 
a4bff000-a5150000 rw-p 00000000 00:00 0 
a5150000-aa000000 ---p 00000000 00:00 0 
aa000000-aaab0000 rw-p 00000000 00:00 0 
aaab0000-b4800000 ---p 00000000 00:00 0 
b4810000-b4816000 rw-p 00000000 00:00 0 
b4816000-b4865000 ---p 00000000 00:00 0 
b4865000-b4868000 rw-p 00000000 00:00 0 
b4868000-b48e5000 ---p 00000000 00:00 0 
b48e5000-b499d000 rwxp 00000000 00:00 0 
b499d000-b68e5000 ---p 00000000 00:00 0 
b68e5000-b68ff000 r-xp 00000000 08:01 936593     /usr/java/jdk1.8.0_181/jre/lib/i386/libzip.so
b68ff000-b6900000 rw-p 00019000 08:01 936593     /usr/java/jdk1.8.0_181/jre/lib/i386/libzip.so
b6900000-b69c1000 rw-p 00000000 00:00 0 
b69c1000-b6a00000 ---p 00000000 00:00 0 
b6a14000-b6a1e000 r-xp 00000000 08:01 922029     /lib/i386-linux-gnu/libnss_files-2.15.so
b6a1e000-b6a1f000 r--p 00009000 08:01 922029     /lib/i386-linux-gnu/libnss_files-2.15.so
b6a1f000-b6a20000 rw-p 0000a000 08:01 922029     /lib/i386-linux-gnu/libnss_files-2.15.so
b6a20000-b6a2a000 r-xp 00000000 08:01 922031     /lib/i386-linux-gnu/libnss_nis-2.15.so
b6a2a000-b6a2b000 r--p 00009000 08:01 922031     /lib/i386-linux-gnu/libnss_nis-2.15.so
b6a2b000-b6a2c000 rw-p 0000a000 08:01 922031     /lib/i386-linux-gnu/libnss_nis-2.15.so
b6a2c000-b6a42000 r-xp 00000000 08:01 922021     /lib/i386-linux-gnu/libnsl-2.15.so
b6a42000-b6a43000 r--p 00015000 08:01 922021     /lib/i386-linux-gnu/libnsl-2.15.so
b6a43000-b6a44000 rw-p 00016000 08:01 922021     /lib/i386-linux-gnu/libnsl-2.15.so
b6a44000-b6a46000 rw-p 00000000 00:00 0 
b6a46000-b6a4d000 r-xp 00000000 08:01 922032     /lib/i386-linux-gnu/libnss_compat-2.15.so
b6a4d000-b6a4e000 r--p 00006000 08:01 922032     /lib/i386-linux-gnu/libnss_compat-2.15.so
b6a4e000-b6a4f000 rw-p 00007000 08:01 922032     /lib/i386-linux-gnu/libnss_compat-2.15.so
b6a53000-b6a5a000 r-xp 00000000 08:01 936636     /home/linux/Desktop/TelServer/src/com/fu/server/libserver.so
b6a5a000-b6a5b000 r--p 00006000 08:01 936636     /home/linux/Desktop/TelServer/src/com/fu/server/libserver.so
b6a5b000-b6a5c000 rw-p 00007000 08:01 936636     /home/linux/Desktop/TelServer/src/com/fu/server/libserver.so
b6a5c000-b6a64000 rw-s 00000000 08:01 1186520    /tmp/hsperfdata_linux/10930
b6a64000-b6a88000 r-xp 00000000 08:01 936587     /usr/java/jdk1.8.0_181/jre/lib/i386/libjava.so
b6a88000-b6a89000 rw-p 00024000 08:01 936587     /usr/java/jdk1.8.0_181/jre/lib/i386/libjava.so
b6a89000-b6a90000 r-xp 00000000 08:01 918599     /lib/i386-linux-gnu/librt-2.15.so
b6a90000-b6a91000 r--p 00006000 08:01 918599     /lib/i386-linux-gnu/librt-2.15.so
b6a91000-b6a92000 rw-p 00007000 08:01 918599     /lib/i386-linux-gnu/librt-2.15.so
b6a92000-b6a95000 ---p 00000000 00:00 0 
b6a95000-b6ae3000 rw-p 00000000 00:00 0          [stack:10931]
b6ae3000-b6b0d000 r-xp 00000000 08:01 922022     /lib/i386-linux-gnu/libm-2.15.so
b6b0d000-b6b0e000 r--p 00029000 08:01 922022     /lib/i386-linux-gnu/libm-2.15.so
b6b0e000-b6b0f000 rw-p 0002a000 08:01 922022     /lib/i386-linux-gnu/libm-2.15.so
b6b0f000-b716d000 r-xp 00000000 08:01 936559     /usr/java/jdk1.8.0_181/jre/lib/i386/client/libjvm.so
b716d000-b7194000 rw-p 0065d000 08:01 936559     /usr/java/jdk1.8.0_181/jre/lib/i386/client/libjvm.so
b7194000-b75ba000 rw-p 00000000 00:00 0 
b75ba000-b7760000 r-xp 00000000 08:01 922020     /lib/i386-linux-gnu/libc-2.15.so
b7760000-b7762000 r--p 001a6000 08:01 922020     /lib/i386-linux-gnu/libc-2.15.so
b7762000-b7763000 rw-p 001a8000 08:01 922020     /lib/i386-linux-gnu/libc-2.15.so
b7763000-b7766000 rw-p 00000000 00:00 0 
b7766000-b7769000 r-xp 00000000 08:01 922016     /lib/i386-linux-gnu/libdl-2.15.so
b7769000-b776a000 r--p 00002000 08:01 922016     /lib/i386-linux-gnu/libdl-2.15.so
b776a000-b776b000 rw-p 00003000 08:01 922016     /lib/i386-linux-gnu/libdl-2.15.so
b776b000-b776c000 rw-p 00000000 00:00 0 
b776c000-b7781000 r-xp 00000000 08:01 705483     /usr/java/jdk1.8.0_181/lib/i386/jli/libjli.so
b7781000-b7782000 rw-p 00014000 08:01 705483     /usr/java/jdk1.8.0_181/lib/i386/jli/libjli.so
b7782000-b7799000 r-xp 00000000 08:01 922026     /lib/i386-linux-gnu/libpthread-2.15.so
b7799000-b779a000 r--p 00016000 08:01 922026     /lib/i386-linux-gnu/libpthread-2.15.so
b779a000-b779b000 rw-p 00017000 08:01 922026     /lib/i386-linux-gnu/libpthread-2.15.so
b779b000-b779d000 rw-p 00000000 00:00 0 
b77a0000-b77a3000 rw-p 00000000 00:00 0 
b77a3000-b77a4000 r--p 005e0000 08:01 6790       /usr/lib/locale/locale-archive
b77a4000-b77a5000 rw-p 00000000 00:00 0 
b77a5000-b77a6000 r--p 00000000 00:00 0 
b77a6000-b77b1000 r-xp 00000000 08:01 936535     /usr/java/jdk1.8.0_181/jre/lib/i386/libverify.so
b77b1000-b77b2000 rw-p 0000b000 08:01 936535     /usr/java/jdk1.8.0_181/jre/lib/i386/libverify.so
b77b2000-b77b4000 rw-p 00000000 00:00 0 
b77b4000-b77b5000 r-xp 00000000 00:00 0          [vdso]
b77b5000-b77d5000 r-xp 00000000 08:01 922028     /lib/i386-linux-gnu/ld-2.15.so
b77d5000-b77d6000 r--p 0001f000 08:01 922028     /lib/i386-linux-gnu/ld-2.15.so
b77d6000-b77d7000 rw-p 00020000 08:01 922028     /lib/i386-linux-gnu/ld-2.15.so
bfbb3000-bfbb4000 rwxp 00000000 00:00 0 
bfbe6000-bfc07000 rw-p 00000000 00:00 0          [stack]

VM Arguments:
java_command: com.fu.server.Main
java_class_path (initial): .:/usr/java/jdk1.8.0_181/lib/dt.jar:/usr/java/jdk1.8.0_181/lib/tools.jar:/usr/java/jdk1.8.0_181/jre/lib
Launcher Type: SUN_STANDARD

Environment Variables:
JAVA_HOME=/usr/java/jdk1.8.0_181
JRE_HOME=/usr/java/jdk1.8.0_181/jre
CLASSPATH=.:/usr/java/jdk1.8.0_181/lib/dt.jar:/usr/java/jdk1.8.0_181/lib/tools.jar:/usr/java/jdk1.8.0_181/jre/lib
PATH=/usr/lib/lightdm/lightdm:/usr/local/sbin:/usr/local/bin:/usr/sbin:/usr/bin:/sbin:/bin:/usr/games:/home/linux/gcc_arm/gcc-4.6.4/bin:/usr/java/jdk1.8.0_181/bin:/usr/java/jdk1.8.0_181/jre/bin
SHELL=/bin/bash
DISPLAY=:0.0

Signal Handlers:
SIGSEGV: [libjvm.so+0x5c29a0], sa_mask[0]=11111111011111111101111111111110, sa_flags=SA_RESTART|SA_SIGINFO
SIGBUS: [libjvm.so+0x5c29a0], sa_mask[0]=11111111011111111101111111111110, sa_flags=SA_RESTART|SA_SIGINFO
SIGFPE: [libjvm.so+0x4a0fb0], sa_mask[0]=11111111011111111101111111111110, sa_flags=SA_RESTART|SA_SIGINFO
SIGPIPE: [libjvm.so+0x4a0fb0], sa_mask[0]=11111111011111111101111111111110, sa_flags=SA_RESTART|SA_SIGINFO
SIGXFSZ: [libjvm.so+0x4a0fb0], sa_mask[0]=11111111011111111101111111111110, sa_flags=SA_RESTART|SA_SIGINFO
SIGILL: [libjvm.so+0x4a0fb0], sa_mask[0]=11111111011111111101111111111110, sa_flags=SA_RESTART|SA_SIGINFO
SIGUSR1: SIG_DFL, sa_mask[0]=00000000000000000000000000000000, sa_flags=none
SIGUSR2: [libjvm.so+0x4a2890], sa_mask[0]=00000000000000000000000000000000, sa_flags=SA_RESTART|SA_SIGINFO
SIGHUP: [libjvm.so+0x4a3d40], sa_mask[0]=11111111011111111101111111111110, sa_flags=SA_RESTART|SA_SIGINFO
SIGINT: [libjvm.so+0x4a3d40], sa_mask[0]=11111111011111111101111111111110, sa_flags=SA_RESTART|SA_SIGINFO
SIGTERM: [libjvm.so+0x4a3d40], sa_mask[0]=11111111011111111101111111111110, sa_flags=SA_RESTART|SA_SIGINFO
SIGQUIT: [libjvm.so+0x4a3d40], sa_mask[0]=11111111011111111101111111111110, sa_flags=SA_RESTART|SA_SIGINFO


---------------  S Y S T E M  ---------------

OS:DISTRIB_ID=Ubuntu
DISTRIB_RELEASE=12.04
DISTRIB_CODENAME=precise
DISTRIB_DESCRIPTION="Ubuntu 12.04.5 LTS"

uname:Linux 3.13.0-117-generic #164~precise1-Ubuntu SMP Mon Apr 10 16:17:54 UTC 2017 i686
libc:glibc 2.15 NPTL 2.15 
rlimit: STACK 8192k, CORE infinity, NPROC 7859, NOFILE 4096, AS infinity
load average:0.13 0.26 0.14

/proc/meminfo:
MemTotal:        1025112 kB
MemFree:           81132 kB
Buffers:           52976 kB
Cached:           361712 kB
SwapCached:         3372 kB
Active:           324188 kB
Inactive:         360736 kB
Active(anon):     122820 kB
Inactive(anon):   147756 kB
Active(file):     201368 kB
Inactive(file):   212980 kB
Unevictable:           0 kB
Mlocked:               0 kB
HighTotal:        135048 kB
HighFree:           2504 kB
LowTotal:         890064 kB
LowFree:           78628 kB
SwapTotal:       1046524 kB
SwapFree:        1032796 kB
Dirty:               360 kB
Writeback:             0 kB
AnonPages:        267660 kB
Mapped:            51272 kB
Shmem:               288 kB
Slab:              64548 kB
SReclaimable:      49056 kB
SUnreclaim:        15492 kB
KernelStack:        3032 kB
PageTables:         5984 kB
NFS_Unstable:          0 kB
Bounce:                0 kB
WritebackTmp:          0 kB
CommitLimit:     1559080 kB
Committed_AS:    1970672 kB
VmallocTotal:     122880 kB
VmallocUsed:       23404 kB
VmallocChunk:      79476 kB
HardwareCorrupted:     0 kB
AnonHugePages:     81920 kB
HugePages_Total:       0
HugePages_Free:        0
HugePages_Rsvd:        0
HugePages_Surp:        0
Hugepagesize:       2048 kB
DirectMap4k:       49144 kB
DirectMap2M:      864256 kB


CPU:total 1 (initial active 1) (1 cores per cpu, 1 threads per core) family 6 model 70 stepping 1, cmov, cx8, fxsr, mmx, sse, sse2, sse3, ssse3, sse4.1, sse4.2, popcnt, avx, avx2, aes, clmul, erms, lzcnt, tsc, tscinvbit, bmi1, bmi2

/proc/cpuinfo:
processor	: 0
vendor_id	: GenuineIntel
cpu family	: 6
model		: 70
model name	: Intel(R) Core(TM) i7-4770HQ CPU @ 2.20GHz
stepping	: 1
microcode	: 0x19
cpu MHz		: 2195.105
cache size	: 6144 KB
physical id	: 0
siblings	: 1
core id		: 0
cpu cores	: 1
apicid		: 0
initial apicid	: 0
fdiv_bug	: no
f00f_bug	: no
coma_bug	: no
fpu		: yes
fpu_exception	: yes
cpuid level	: 13
wp		: yes
flags		: fpu vme de pse tsc msr pae mce cx8 apic sep mtrr pge mca cmov pat pse36 clflush dts mmx fxsr sse sse2 ss nx pdpe1gb rdtscp lm constant_tsc arch_perfmon pebs bts xtopology tsc_reliable nonstop_tsc aperfmperf eagerfpu pni pclmulqdq ssse3 fma cx16 pcid sse4_1 sse4_2 x2apic movbe popcnt tsc_deadline_timer aes xsave avx f16c rdrand hypervisor lahf_lm abm ida arat epb xsaveopt pln pts dtherm fsgsbase tsc_adjust bmi1 avx2 smep bmi2 invpcid
bogomips	: 4390.21
clflush size	: 64
cache_alignment	: 64
address sizes	: 42 bits physical, 48 bits virtual
power management:



Memory: 4k page, physical 1025112k(81132k free), swap 1046524k(1032796k free)

vm_info: Java HotSpot(TM) Client VM (25.181-b13) for linux-x86 JRE (1.8.0_181-b13), built on Jul  7 2018 01:10:12 by "java_re" with gcc 4.3.0 20080428 (Red Hat 4.3.0-8)

time: Tue Aug 28 11:02:25 2018
elapsed time: 88 seconds (0d 0h 1m 28s)

